#
# There is insufficient memory for the Java Runtime Environment to continue.
# Native memory allocation (malloc) failed to allocate 1815376 bytes. Error detail: Chunk::new
# Possible reasons:
#   The system is out of physical RAM or swap space
#   This process is running with CompressedOops enabled, and the Java Heap may be blocking the growth of the native heap
# Possible solutions:
#   Reduce memory load on the system
#   Increase physical memory or swap space
#   Check if swap backing store is full
#   Decrease Java heap size (-Xmx/-Xms)
#   Decrease number of Java threads
#   Decrease Java thread stack sizes (-Xss)
#   Set larger code cache with -XX:ReservedCodeCacheSize=
#   JVM is running with Unscaled Compressed Oops mode in which the Java heap is
#     placed in the first 4GB address space. The Java Heap base address is the
#     maximum limit for the native heap growth. Please use -XX:HeapBaseMinAddress
#     to set the Java Heap base and to place the Java Heap above 4GB virtual address.
# This output file may be truncated or incomplete.
#
#  Out of Memory Error (arena.cpp:168), pid=33460, tid=38868
#
# JRE version: OpenJDK Runtime Environment Temurin-21.0.9+10 (21.0.9+10) (build 21.0.9+10-LTS)
# Java VM: OpenJDK 64-Bit Server VM Temurin-21.0.9+10 (21.0.9+10-LTS, mixed mode, sharing, tiered, compressed oops, compressed class ptrs, parallel gc, windows-amd64)
# No core dump will be written. Minidumps are not enabled by default on client versions of Windows
#

---------------  S U M M A R Y ------------

Command Line: --add-modules=ALL-SYSTEM --add-opens=java.base/java.util=ALL-UNNAMED --add-opens=java.base/java.lang=ALL-UNNAMED --add-opens=java.base/sun.nio.fs=ALL-UNNAMED -Declipse.application=org.eclipse.jdt.ls.core.id1 -Dosgi.bundles.defaultStartLevel=4 -Declipse.product=org.eclipse.jdt.ls.core.product -Djava.import.generatesMetadataFilesAtProjectRoot=false -DDetectVMInstallationsJob.disabled=true -Dfile.encoding=utf8 -XX:+UseParallelGC -XX:GCTimeRatio=4 -XX:AdaptiveSizePolicyWeight=90 -Dsun.zip.disableMemoryMapping=true -Xmx2G -Xms100m -Xlog:disable -javaagent:c:\Users\HaimP\.vscode\extensions\redhat.java-1.52.0-win32-x64\lombok\lombok-1.18.39-4050.jar -XX:+HeapDumpOnOutOfMemoryError -XX:HeapDumpPath=c:\Users\HaimP\AppData\Roaming\Code\User\workspaceStorage\995d124ea6cb87d576d317e599458698\redhat.java -Daether.dependencyCollector.impl=bf c:\Users\HaimP\.vscode\extensions\redhat.java-1.52.0-win32-x64\server\plugins\org.eclipse.equinox.launcher_1.7.100.v20251111-0406.jar -configuration c:\Users\HaimP\AppData\Roaming\Code\User\globalStorage\redhat.java\1.52.0\config_win -data c:\Users\HaimP\AppData\Roaming\Code\User\workspaceStorage\995d124ea6cb87d576d317e599458698\redhat.java\jdt_ws --pipe=\\.\pipe\lsp-12a5a66c72fcf2618d867d61b753c57f-sock

Host: Intel(R) Core(TM) i5-9300H CPU @ 2.40GHz, 8 cores, 7G,  Windows 11 , 64 bit Build 26100 (10.0.26100.7705)
Time: Tue Feb 17 22:21:33 2026 Hora verano Sudamérica Pacífico elapsed time: 41.148119 seconds (0d 0h 0m 41s)

---------------  T H R E A D  ---------------

Current thread (0x000001919f5ed010):  JavaThread "C2 CompilerThread2" daemon [_thread_in_native, id=38868, stack(0x0000001c81c00000,0x0000001c81d00000) (1024K)]


Current CompileTask:
C2:41148 11112       4       org.eclipse.jdt.internal.compiler.lookup.BinaryTypeBinding::createMethod (1666 bytes)

Stack: [0x0000001c81c00000,0x0000001c81d00000]
Native frames: (J=compiled Java code, j=interpreted, Vv=VM code, C=native code)
V  [jvm.dll+0x6d6e29]
V  [jvm.dll+0x8b4b76]
V  [jvm.dll+0x8b712e]
V  [jvm.dll+0x8b7813]
V  [jvm.dll+0x283d86]
V  [jvm.dll+0xc66ed]
V  [jvm.dll+0xc6c31]
V  [jvm.dll+0x3be501]
V  [jvm.dll+0x38ab92]
V  [jvm.dll+0x389fda]
V  [jvm.dll+0x24bfa0]
V  [jvm.dll+0x24b580]
V  [jvm.dll+0x1cb13e]
V  [jvm.dll+0x25b29d]
V  [jvm.dll+0x25982a]
V  [jvm.dll+0x3f7ea6]
V  [jvm.dll+0x85e9ad]
V  [jvm.dll+0x6d565d]
C  [ucrtbase.dll+0x37b0]
C  [KERNEL32.DLL+0x2e8d7]
C  [ntdll.dll+0x8c40c]


---------------  P R O C E S S  ---------------

Threads class SMR info:
_java_thread_list=0x000001919f5e6510, length=47, elements={
0x000001913c3d64d0, 0x000001913c96e720, 0x00000191961cd1d0, 0x00000191961d33b0,
0x00000191961d6090, 0x00000191961d92b0, 0x00000191961de0d0, 0x00000191961e5330,
0x00000191961e7920, 0x0000019197cac650, 0x0000019197e5c880, 0x000001919c9e0380,
0x000001919c9db960, 0x000001919c2b84a0, 0x000001919c2b8b00, 0x000001919cd5f130,
0x000001919cd5f7c0, 0x000001919cd5e410, 0x000001919cd5d6f0, 0x000001919cd5dd80,
0x000001919cd5eaa0, 0x000001919cd5fe50, 0x000001919cd604e0, 0x000001919eeae590,
0x000001919eeaec20, 0x000001919eeabe30, 0x000001919eeac4c0, 0x000001919eeab7a0,
0x000001919eeaf2b0, 0x000001919eeaf940, 0x000001919eeaffd0, 0x000001919eeacb50,
0x000001919eeadf00, 0x000001919eead870, 0x000001919eeb0660, 0x000001919eead1e0,
0x000001919eeb2dc0, 0x000001919eeb0cf0, 0x000001919eeb1380, 0x000001919eeb1a10,
0x000001919eeb20a0, 0x000001919eeb2730, 0x000001919fd4b010, 0x000001919fd4a980,
0x000001919fd48f40, 0x000001919e513b90, 0x000001919f5ed010
}

Java Threads: ( => current thread )
  0x000001913c3d64d0 JavaThread "main"                              [_thread_blocked, id=14716, stack(0x0000001cfe200000,0x0000001cfe300000) (1024K)]
  0x000001913c96e720 JavaThread "Reference Handler"          daemon [_thread_blocked, id=35344, stack(0x0000001cfe600000,0x0000001cfe700000) (1024K)]
  0x00000191961cd1d0 JavaThread "Finalizer"                  daemon [_thread_blocked, id=37420, stack(0x0000001cfe700000,0x0000001cfe800000) (1024K)]
  0x00000191961d33b0 JavaThread "Signal Dispatcher"          daemon [_thread_blocked, id=35604, stack(0x0000001cfe800000,0x0000001cfe900000) (1024K)]
  0x00000191961d6090 JavaThread "Attach Listener"            daemon [_thread_blocked, id=37012, stack(0x0000001cfe900000,0x0000001cfea00000) (1024K)]
  0x00000191961d92b0 JavaThread "Service Thread"             daemon [_thread_blocked, id=1644, stack(0x0000001cfea00000,0x0000001cfeb00000) (1024K)]
  0x00000191961de0d0 JavaThread "Monitor Deflation Thread"   daemon [_thread_blocked, id=36656, stack(0x0000001cfeb00000,0x0000001cfec00000) (1024K)]
  0x00000191961e5330 JavaThread "C2 CompilerThread0"         daemon [_thread_blocked, id=34880, stack(0x0000001cfec00000,0x0000001cfed00000) (1024K)]
  0x00000191961e7920 JavaThread "C1 CompilerThread0"         daemon [_thread_blocked, id=35172, stack(0x0000001cfed00000,0x0000001cfee00000) (1024K)]
  0x0000019197cac650 JavaThread "Common-Cleaner"             daemon [_thread_blocked, id=29168, stack(0x0000001cfee00000,0x0000001cfef00000) (1024K)]
  0x0000019197e5c880 JavaThread "Notification Thread"        daemon [_thread_blocked, id=31952, stack(0x0000001cff000000,0x0000001cff100000) (1024K)]
  0x000001919c9e0380 JavaThread "Active Thread: Equinox Container: ca8a3cb5-16d9-4035-be6f-498eeaabe7e9"        [_thread_blocked, id=4316, stack(0x0000001cff700000,0x0000001cff800000) (1024K)]
  0x000001919c9db960 JavaThread "Refresh Thread: Equinox Container: ca8a3cb5-16d9-4035-be6f-498eeaabe7e9" daemon [_thread_blocked, id=37072, stack(0x0000001cff900000,0x0000001cffa00000) (1024K)]
  0x000001919c2b84a0 JavaThread "Framework Event Dispatcher: Equinox Container: ca8a3cb5-16d9-4035-be6f-498eeaabe7e9" daemon [_thread_blocked, id=37416, stack(0x0000001cffa00000,0x0000001cffb00000) (1024K)]
  0x000001919c2b8b00 JavaThread "Start Level: Equinox Container: ca8a3cb5-16d9-4035-be6f-498eeaabe7e9" daemon [_thread_blocked, id=34520, stack(0x0000001cffb00000,0x0000001cffc00000) (1024K)]
  0x000001919cd5f130 JavaThread "Bundle File Closer"         daemon [_thread_blocked, id=24204, stack(0x0000001cffc00000,0x0000001cffd00000) (1024K)]
  0x000001919cd5f7c0 JavaThread "SCR Component Actor"        daemon [_thread_blocked, id=37240, stack(0x0000001cffd00000,0x0000001cffe00000) (1024K)]
  0x000001919cd5e410 JavaThread "Worker-JM"                         [_thread_blocked, id=34572, stack(0x0000001cfef00000,0x0000001cff000000) (1024K)]
  0x000001919cd5d6f0 JavaThread "JNA Cleaner"                daemon [_thread_blocked, id=21096, stack(0x0000001cffe00000,0x0000001cfff00000) (1024K)]
  0x000001919cd5dd80 JavaThread "Worker-0"                          [_thread_blocked, id=33388, stack(0x0000001cfff00000,0x0000001d00000000) (1024K)]
  0x000001919cd5eaa0 JavaThread "Worker-1"                          [_thread_blocked, id=11300, stack(0x0000001c80000000,0x0000001c80100000) (1024K)]
  0x000001919cd5fe50 JavaThread "Java indexing"              daemon [_thread_blocked, id=37144, stack(0x0000001c80300000,0x0000001c80400000) (1024K)]
  0x000001919cd604e0 JavaThread "Worker-2"                          [_thread_blocked, id=33752, stack(0x0000001c80600000,0x0000001c80700000) (1024K)]
  0x000001919eeae590 JavaThread "Worker-3"                          [_thread_blocked, id=37424, stack(0x0000001c80700000,0x0000001c80800000) (1024K)]
  0x000001919eeaec20 JavaThread "Worker-4: Initialize Workspace"        [_thread_blocked, id=34152, stack(0x0000001c80800000,0x0000001c80900000) (1024K)]
  0x000001919eeabe30 JavaThread "Thread-1"                   daemon [_thread_in_native, id=17740, stack(0x0000001c80900000,0x0000001c80a00000) (1024K)]
  0x000001919eeac4c0 JavaThread "Thread-2"                   daemon [_thread_in_native, id=17232, stack(0x0000001c80a00000,0x0000001c80b00000) (1024K)]
  0x000001919eeab7a0 JavaThread "Thread-3"                   daemon [_thread_in_native, id=34648, stack(0x0000001c80b00000,0x0000001c80c00000) (1024K)]
  0x000001919eeaf2b0 JavaThread "Thread-4"                   daemon [_thread_in_native, id=37596, stack(0x0000001c80c00000,0x0000001c80d00000) (1024K)]
  0x000001919eeaf940 JavaThread "Thread-5"                   daemon [_thread_in_native, id=34092, stack(0x0000001c80d00000,0x0000001c80e00000) (1024K)]
  0x000001919eeaffd0 JavaThread "Thread-6"                   daemon [_thread_in_native, id=23460, stack(0x0000001c80e00000,0x0000001c80f00000) (1024K)]
  0x000001919eeacb50 JavaThread "Thread-7"                   daemon [_thread_in_native, id=12864, stack(0x0000001c80f00000,0x0000001c81000000) (1024K)]
  0x000001919eeadf00 JavaThread "Thread-8"                   daemon [_thread_in_native, id=29348, stack(0x0000001c81000000,0x0000001c81100000) (1024K)]
  0x000001919eead870 JavaThread "Thread-9"                   daemon [_thread_in_native, id=33456, stack(0x0000001c81100000,0x0000001c81200000) (1024K)]
  0x000001919eeb0660 JavaThread "pool-2-thread-1"                   [_thread_blocked, id=37512, stack(0x0000001c81200000,0x0000001c81300000) (1024K)]
  0x000001919eead1e0 JavaThread "WorkspaceEventsHandler"            [_thread_blocked, id=17312, stack(0x0000001c81300000,0x0000001c81400000) (1024K)]
  0x000001919eeb2dc0 JavaThread "pool-1-thread-1"                   [_thread_blocked, id=28912, stack(0x0000001c81400000,0x0000001c81500000) (1024K)]
  0x000001919eeb0cf0 JavaThread "ForkJoinPool.commonPool-worker-1" daemon [_thread_blocked, id=23148, stack(0x0000001c81500000,0x0000001c81600000) (1024K)]
  0x000001919eeb1380 JavaThread "ForkJoinPool.commonPool-worker-2" daemon [_thread_blocked, id=24916, stack(0x0000001c81600000,0x0000001c81700000) (1024K)]
  0x000001919eeb1a10 JavaThread "ForkJoinPool.commonPool-worker-3" daemon [_thread_blocked, id=18412, stack(0x0000001c81700000,0x0000001c81800000) (1024K)]
  0x000001919eeb20a0 JavaThread "ForkJoinPool.commonPool-worker-4" daemon [_thread_blocked, id=29636, stack(0x0000001c81800000,0x0000001c81900000) (1024K)]
  0x000001919eeb2730 JavaThread "ForkJoinPool.commonPool-worker-5" daemon [_thread_blocked, id=34060, stack(0x0000001c81900000,0x0000001c81a00000) (1024K)]
  0x000001919fd4b010 JavaThread "ForkJoinPool.commonPool-worker-6" daemon [_thread_blocked, id=12024, stack(0x0000001c81a00000,0x0000001c81b00000) (1024K)]
  0x000001919fd4a980 JavaThread "ForkJoinPool.commonPool-worker-7" daemon [_thread_blocked, id=26460, stack(0x0000001c81b00000,0x0000001c81c00000) (1024K)]
  0x000001919fd48f40 JavaThread "Worker-5"                          [_thread_blocked, id=35948, stack(0x0000001c80100000,0x0000001c80200000) (1024K)]
  0x000001919e513b90 JavaThread "C2 CompilerThread1"         daemon [_thread_blocked, id=37892, stack(0x0000001c80200000,0x0000001c80300000) (1024K)]
=>0x000001919f5ed010 JavaThread "C2 CompilerThread2"         daemon [_thread_in_native, id=38868, stack(0x0000001c81c00000,0x0000001c81d00000) (1024K)]
Total: 47

Other Threads:
  0x00000191961c3ae0 VMThread "VM Thread"                           [id=30688, stack(0x0000001cfe500000,0x0000001cfe600000) (1024K)]
  0x00000191960dca00 WatcherThread "VM Periodic Task Thread"        [id=22868, stack(0x0000001cfe400000,0x0000001cfe500000) (1024K)]
  0x000001913c8d79f0 WorkerThread "GC Thread#0"                     [id=37496, stack(0x0000001cfe300000,0x0000001cfe400000) (1024K)]
  0x000001919c490430 WorkerThread "GC Thread#1"                     [id=37100, stack(0x0000001cff100000,0x0000001cff200000) (1024K)]
  0x000001919c30bb00 WorkerThread "GC Thread#2"                     [id=6148, stack(0x0000001cff200000,0x0000001cff300000) (1024K)]
  0x000001919c30bea0 WorkerThread "GC Thread#3"                     [id=616, stack(0x0000001cff300000,0x0000001cff400000) (1024K)]
  0x000001919c30c240 WorkerThread "GC Thread#4"                     [id=30216, stack(0x0000001cff400000,0x0000001cff500000) (1024K)]
  0x000001919c30c5e0 WorkerThread "GC Thread#5"                     [id=1708, stack(0x0000001cff500000,0x0000001cff600000) (1024K)]
  0x000001919c30c980 WorkerThread "GC Thread#6"                     [id=19196, stack(0x0000001cff600000,0x0000001cff700000) (1024K)]
  0x0000019197df0e60 WorkerThread "GC Thread#7"                     [id=21220, stack(0x0000001cff800000,0x0000001cff900000) (1024K)]
Total: 10

Threads with active compile tasks:
C2 CompilerThread2  41180 11112       4       org.eclipse.jdt.internal.compiler.lookup.BinaryTypeBinding::createMethod (1666 bytes)
Total: 1

VM state: not at safepoint (normal execution)

VM Mutex/Monitor currently owned by a thread: None

Heap address: 0x0000000080000000, size: 2048 MB, Compressed Oops mode: 32-bit

CDS archive(s) mapped at: [0x0000019155000000-0x0000019155ba0000-0x0000019155ba0000), size 12189696, SharedBaseAddress: 0x0000019155000000, ArchiveRelocationMode: 1.
Compressed class space mapped at: 0x0000019156000000-0x0000019196000000, reserved size: 1073741824
Narrow klass base: 0x0000019155000000, Narrow klass shift: 0, Narrow klass range: 0x100000000

GC Precious Log:
 CardTable entry size: 512
 CPUs: 8 total, 8 available
 Memory: 8043M
 Large Page Support: Disabled
 NUMA Support: Disabled
 Compressed Oops: Enabled (32-bit)
 Alignments: Space 512K, Generation 512K, Heap 2M
 Heap Min Capacity: 100M
 Heap Initial Capacity: 100M
 Heap Max Capacity: 2G
 Pre-touch: Disabled
 Parallel Workers: 8

Heap:
 PSYoungGen      total 16896K, used 8666K [0x00000000d5580000, 0x00000000d6800000, 0x0000000100000000)
  eden space 15872K, 50% used [0x00000000d5580000,0x00000000d5d49688,0x00000000d6500000)
  from space 1024K, 67% used [0x00000000d6700000,0x00000000d67ad220,0x00000000d6800000)
  to   space 1024K, 0% used [0x00000000d6500000,0x00000000d6500000,0x00000000d6600000)
 ParOldGen       total 103424K, used 103389K [0x0000000080000000, 0x0000000086500000, 0x00000000d5580000)
  object space 103424K, 99% used [0x0000000080000000,0x00000000864f7720,0x0000000086500000)
 Metaspace       used 64908K, committed 66496K, reserved 1114112K
  class space    used 6921K, committed 7552K, reserved 1048576K

Card table byte_map: [0x00000191503a0000,0x00000191507b0000] _byte_map_base: 0x000001914ffa0000

Marking Bits: (ParMarkBitMap*) 0x00007fff55fb2460
 Begin Bits: [0x0000019150a60000, 0x0000019152a60000)
 End Bits:   [0x0000019152a60000, 0x0000019154a60000)

Polling page: 0x000001913c970000

Metaspace:

Usage:
  Non-class:     56.63 MB used.
      Class:      6.76 MB used.
       Both:     63.39 MB used.

Virtual space:
  Non-class space:       64.00 MB reserved,      57.56 MB ( 90%) committed,  1 nodes.
      Class space:        1.00 GB reserved,       7.38 MB ( <1%) committed,  1 nodes.
             Both:        1.06 GB reserved,      64.94 MB (  6%) committed. 

Chunk freelists:
   Non-Class:  5.86 MB
       Class:  8.44 MB
        Both:  14.30 MB

MaxMetaspaceSize: unlimited
CompressedClassSpaceSize: 1.00 GB
Initial GC threshold: 21.00 MB
Current GC threshold: 97.31 MB
CDS: on
 - commit_granule_bytes: 65536.
 - commit_granule_words: 8192.
 - virtual_space_node_default_size: 8388608.
 - enlarge_chunks_in_place: 1.
 - use_allocation_guard: 0.


Internal statistics:

num_allocs_failed_limit: 9.
num_arena_births: 1240.
num_arena_deaths: 14.
num_vsnodes_births: 2.
num_vsnodes_deaths: 0.
num_space_committed: 1039.
num_space_uncommitted: 0.
num_chunks_returned_to_freelist: 23.
num_chunks_taken_from_freelist: 4291.
num_chunk_merges: 15.
num_chunk_splits: 2684.
num_chunks_enlarged: 1525.
num_inconsistent_stats: 0.

CodeHeap 'non-profiled nmethods': size=120000Kb used=6836Kb max_used=6836Kb free=113163Kb
 bounds [0x0000019148c80000, 0x0000019149330000, 0x00000191501b0000]
CodeHeap 'profiled nmethods': size=120000Kb used=23061Kb max_used=23061Kb free=96938Kb
 bounds [0x00000191411b0000, 0x0000019142840000, 0x00000191486e0000]
CodeHeap 'non-nmethods': size=5760Kb used=1429Kb max_used=1501Kb free=4330Kb
 bounds [0x00000191486e0000, 0x0000019148950000, 0x0000019148c80000]
CodeCache: size=245760Kb, used=31326Kb, max_used=31398Kb, free=214431Kb
 total_blobs=11121, nmethods=10374, adapters=653, full_count=0
Compilation: enabled, stopped_count=0, restarted_count=0

Compilation events (20 events):
Event: 32.898 Thread 0x00000191961e7920 11123       3       java.lang.String::valueOf (9 bytes)
Event: 32.898 Thread 0x00000191961e7920 nmethod 11123 0x0000019142831790 code [0x0000019142831940, 0x0000019142831ac8]
Event: 32.898 Thread 0x00000191961e7920 11121       3       org.eclipse.jdt.internal.compiler.lookup.BinaryTypeBinding$1::createBinding (8 bytes)
Event: 32.898 Thread 0x00000191961e7920 nmethod 11121 0x0000019142831b90 code [0x0000019142831d40, 0x0000019142831e98]
Event: 32.898 Thread 0x00000191961e7920 11122       3       org.eclipse.jdt.internal.compiler.lookup.BinaryTypeBinding$1::createBinding (31 bytes)
Event: 32.899 Thread 0x00000191961e7920 nmethod 11122 0x0000019142831f90 code [0x00000191428321a0, 0x0000019142832888]
Event: 32.899 Thread 0x00000191961e7920 11124       3       org.eclipse.jdt.internal.compiler.lookup.BinaryTypeBinding::scanFieldForNullAnnotation (424 bytes)
Event: 32.901 Thread 0x00000191961e7920 nmethod 11124 0x0000019142832b10 code [0x0000019142832ea0, 0x00000191428345b8]
Event: 32.901 Thread 0x00000191961e7920 11126       3       java.util.HashMap::remove (26 bytes)
Event: 32.901 Thread 0x00000191961e7920 nmethod 11126 0x0000019142834d90 code [0x0000019142834f60, 0x00000191428352c8]
Event: 32.901 Thread 0x00000191961e7920 11125       1       org.eclipse.jdt.internal.compiler.lookup.ReferenceBinding::acceptsNonNullDefault (2 bytes)
Event: 32.901 Thread 0x00000191961e7920 nmethod 11125 0x0000019149324a90 code [0x0000019149324c20, 0x0000019149324ce8]
Event: 32.902 Thread 0x00000191961e5330 nmethod 11089 0x0000019149324d90 code [0x0000019149324fa0, 0x0000019149325420]
Event: 32.902 Thread 0x00000191961e5330 11081       4       java.util.stream.ReduceOps$3ReducingSink::begin (14 bytes)
Event: 32.903 Thread 0x00000191961e7920 11127       3       java.util.concurrent.locks.AbstractQueuedSynchronizer$Node::setPrevRelaxed (12 bytes)
Event: 32.903 Thread 0x00000191961e7920 nmethod 11127 0x0000019142835410 code [0x00000191428355a0, 0x00000191428356d0]
Event: 32.903 Thread 0x00000191961e5330 nmethod 11081 0x0000019149325910 code [0x0000019149325aa0, 0x0000019149325c00]
Event: 32.904 Thread 0x00000191961e5330 11101       4       jdk.internal.jrtfs.JrtFileSystem::ensureOpen (16 bytes)
Event: 32.904 Thread 0x00000191961e5330 nmethod 11101 0x0000019149325d90 code [0x0000019149325f20, 0x0000019149325fc8]
Event: 35.973 Thread 0x000001919e513b90 nmethod 11038 0x0000019149326090 code [0x0000019149326540, 0x000001914932aac0]

GC Heap History (20 events):
Event: 28.206 GC heap before
{Heap before GC invocations=68 (full 3):
 PSYoungGen      total 16384K, used 15872K [0x00000000d5580000, 0x00000000d6c80000, 0x0000000100000000)
  eden space 15872K, 100% used [0x00000000d5580000,0x00000000d6500000,0x00000000d6500000)
  from space 512K, 0% used [0x00000000d6c00000,0x00000000d6c00000,0x00000000d6c80000)
  to   space 2560K, 0% used [0x00000000d6780000,0x00000000d6780000,0x00000000d6a00000)
 ParOldGen       total 71680K, used 70239K [0x0000000080000000, 0x0000000084600000, 0x00000000d5580000)
  object space 71680K, 97% used [0x0000000080000000,0x0000000084497df0,0x0000000084600000)
 Metaspace       used 58799K, committed 60224K, reserved 1114112K
  class space    used 6322K, committed 6912K, reserved 1048576K
}
Event: 28.216 GC heap after
{Heap after GC invocations=68 (full 3):
 PSYoungGen      total 18432K, used 2032K [0x00000000d5580000, 0x00000000d6c80000, 0x0000000100000000)
  eden space 15872K, 0% used [0x00000000d5580000,0x00000000d5580000,0x00000000d6500000)
  from space 2560K, 79% used [0x00000000d6780000,0x00000000d697c010,0x00000000d6a00000)
  to   space 2560K, 0% used [0x00000000d6a00000,0x00000000d6a00000,0x00000000d6c80000)
 ParOldGen       total 71680K, used 70239K [0x0000000080000000, 0x0000000084600000, 0x00000000d5580000)
  object space 71680K, 97% used [0x0000000080000000,0x0000000084497df0,0x0000000084600000)
 Metaspace       used 58799K, committed 60224K, reserved 1114112K
  class space    used 6322K, committed 6912K, reserved 1048576K
}
Event: 28.945 GC heap before
{Heap before GC invocations=69 (full 3):
 PSYoungGen      total 18432K, used 17904K [0x00000000d5580000, 0x00000000d6c80000, 0x0000000100000000)
  eden space 15872K, 100% used [0x00000000d5580000,0x00000000d6500000,0x00000000d6500000)
  from space 2560K, 79% used [0x00000000d6780000,0x00000000d697c010,0x00000000d6a00000)
  to   space 2560K, 0% used [0x00000000d6a00000,0x00000000d6a00000,0x00000000d6c80000)
 ParOldGen       total 71680K, used 70264K [0x0000000080000000, 0x0000000084600000, 0x00000000d5580000)
  object space 71680K, 98% used [0x0000000080000000,0x000000008449e1b0,0x0000000084600000)
 Metaspace       used 60100K, committed 61568K, reserved 1114112K
  class space    used 6448K, committed 7040K, reserved 1048576K
}
Event: 28.949 GC heap after
{Heap after GC invocations=69 (full 3):
 PSYoungGen      total 17408K, used 1378K [0x00000000d5580000, 0x00000000d6b80000, 0x0000000100000000)
  eden space 15872K, 0% used [0x00000000d5580000,0x00000000d5580000,0x00000000d6500000)
  from space 1536K, 89% used [0x00000000d6a00000,0x00000000d6b58af8,0x00000000d6b80000)
  to   space 2048K, 0% used [0x00000000d6780000,0x00000000d6780000,0x00000000d6980000)
 ParOldGen       total 71680K, used 71504K [0x0000000080000000, 0x0000000084600000, 0x00000000d5580000)
  object space 71680K, 99% used [0x0000000080000000,0x00000000845d41c0,0x0000000084600000)
 Metaspace       used 60100K, committed 61568K, reserved 1114112K
  class space    used 6448K, committed 7040K, reserved 1048576K
}
Event: 29.261 GC heap before
{Heap before GC invocations=70 (full 3):
 PSYoungGen      total 17408K, used 17250K [0x00000000d5580000, 0x00000000d6b80000, 0x0000000100000000)
  eden space 15872K, 100% used [0x00000000d5580000,0x00000000d6500000,0x00000000d6500000)
  from space 1536K, 89% used [0x00000000d6a00000,0x00000000d6b58af8,0x00000000d6b80000)
  to   space 2048K, 0% used [0x00000000d6780000,0x00000000d6780000,0x00000000d6980000)
 ParOldGen       total 71680K, used 71504K [0x0000000080000000, 0x0000000084600000, 0x00000000d5580000)
  object space 71680K, 99% used [0x0000000080000000,0x00000000845d41c0,0x0000000084600000)
 Metaspace       used 60672K, committed 62080K, reserved 1114112K
  class space    used 6494K, committed 7104K, reserved 1048576K
}
Event: 29.263 GC heap after
{Heap after GC invocations=70 (full 3):
 PSYoungGen      total 17920K, used 1788K [0x00000000d5580000, 0x00000000d6a80000, 0x0000000100000000)
  eden space 15872K, 0% used [0x00000000d5580000,0x00000000d5580000,0x00000000d6500000)
  from space 2048K, 87% used [0x00000000d6780000,0x00000000d693f3f8,0x00000000d6980000)
  to   space 1024K, 0% used [0x00000000d6980000,0x00000000d6980000,0x00000000d6a80000)
 ParOldGen       total 72704K, used 72647K [0x0000000080000000, 0x0000000084700000, 0x00000000d5580000)
  object space 72704K, 99% used [0x0000000080000000,0x00000000846f1f48,0x0000000084700000)
 Metaspace       used 60672K, committed 62080K, reserved 1114112K
  class space    used 6494K, committed 7104K, reserved 1048576K
}
Event: 29.429 GC heap before
{Heap before GC invocations=71 (full 3):
 PSYoungGen      total 17920K, used 17660K [0x00000000d5580000, 0x00000000d6a80000, 0x0000000100000000)
  eden space 15872K, 100% used [0x00000000d5580000,0x00000000d6500000,0x00000000d6500000)
  from space 2048K, 87% used [0x00000000d6780000,0x00000000d693f3f8,0x00000000d6980000)
  to   space 1024K, 0% used [0x00000000d6980000,0x00000000d6980000,0x00000000d6a80000)
 ParOldGen       total 74752K, used 74524K [0x0000000080000000, 0x0000000084900000, 0x00000000d5580000)
  object space 74752K, 99% used [0x0000000080000000,0x00000000848c7360,0x0000000084900000)
 Metaspace       used 60748K, committed 62208K, reserved 1114112K
  class space    used 6495K, committed 7104K, reserved 1048576K
}
Event: 29.433 GC heap after
{Heap after GC invocations=71 (full 3):
 PSYoungGen      total 16896K, used 1020K [0x00000000d5580000, 0x00000000d6a80000, 0x0000000100000000)
  eden space 15872K, 0% used [0x00000000d5580000,0x00000000d5580000,0x00000000d6500000)
  from space 1024K, 99% used [0x00000000d6980000,0x00000000d6a7f0a8,0x00000000d6a80000)
  to   space 2560K, 0% used [0x00000000d6580000,0x00000000d6580000,0x00000000d6800000)
 ParOldGen       total 75776K, used 75708K [0x0000000080000000, 0x0000000084a00000, 0x00000000d5580000)
  object space 75776K, 99% used [0x0000000080000000,0x00000000849ef050,0x0000000084a00000)
 Metaspace       used 60748K, committed 62208K, reserved 1114112K
  class space    used 6495K, committed 7104K, reserved 1048576K
}
Event: 29.518 GC heap before
{Heap before GC invocations=72 (full 3):
 PSYoungGen      total 16896K, used 16892K [0x00000000d5580000, 0x00000000d6a80000, 0x0000000100000000)
  eden space 15872K, 100% used [0x00000000d5580000,0x00000000d6500000,0x00000000d6500000)
  from space 1024K, 99% used [0x00000000d6980000,0x00000000d6a7f0a8,0x00000000d6a80000)
  to   space 2560K, 0% used [0x00000000d6580000,0x00000000d6580000,0x00000000d6800000)
 ParOldGen       total 75776K, used 75711K [0x0000000080000000, 0x0000000084a00000, 0x00000000d5580000)
  object space 75776K, 99% used [0x0000000080000000,0x00000000849efc60,0x0000000084a00000)
 Metaspace       used 60768K, committed 62208K, reserved 1114112K
  class space    used 6496K, committed 7104K, reserved 1048576K
}
Event: 29.521 GC heap after
{Heap after GC invocations=72 (full 3):
 PSYoungGen      total 18432K, used 1153K [0x00000000d5580000, 0x00000000d6a00000, 0x0000000100000000)
  eden space 15872K, 0% used [0x00000000d5580000,0x00000000d5580000,0x00000000d6500000)
  from space 2560K, 45% used [0x00000000d6580000,0x00000000d66a05e8,0x00000000d6800000)
  to   space 2048K, 0% used [0x00000000d6800000,0x00000000d6800000,0x00000000d6a00000)
 ParOldGen       total 76800K, used 76679K [0x0000000080000000, 0x0000000084b00000, 0x00000000d5580000)
  object space 76800K, 99% used [0x0000000080000000,0x0000000084ae1d18,0x0000000084b00000)
 Metaspace       used 60768K, committed 62208K, reserved 1114112K
  class space    used 6496K, committed 7104K, reserved 1048576K
}
Event: 29.871 GC heap before
{Heap before GC invocations=73 (full 3):
 PSYoungGen      total 18432K, used 17025K [0x00000000d5580000, 0x00000000d6a00000, 0x0000000100000000)
  eden space 15872K, 100% used [0x00000000d5580000,0x00000000d6500000,0x00000000d6500000)
  from space 2560K, 45% used [0x00000000d6580000,0x00000000d66a05e8,0x00000000d6800000)
  to   space 2048K, 0% used [0x00000000d6800000,0x00000000d6800000,0x00000000d6a00000)
 ParOldGen       total 76800K, used 76679K [0x0000000080000000, 0x0000000084b00000, 0x00000000d5580000)
  object space 76800K, 99% used [0x0000000080000000,0x0000000084ae1d18,0x0000000084b00000)
 Metaspace       used 62353K, committed 63808K, reserved 1114112K
  class space    used 6645K, committed 7232K, reserved 1048576K
}
Event: 29.873 GC heap after
{Heap after GC invocations=73 (full 3):
 PSYoungGen      total 16896K, used 822K [0x00000000d5580000, 0x00000000d6900000, 0x0000000100000000)
  eden space 15872K, 0% used [0x00000000d5580000,0x00000000d5580000,0x00000000d6500000)
  from space 1024K, 80% used [0x00000000d6800000,0x00000000d68cd808,0x00000000d6900000)
  to   space 1024K, 0% used [0x00000000d6700000,0x00000000d6700000,0x00000000d6800000)
 ParOldGen       total 77312K, used 77138K [0x0000000080000000, 0x0000000084b80000, 0x00000000d5580000)
  object space 77312K, 99% used [0x0000000080000000,0x0000000084b548d8,0x0000000084b80000)
 Metaspace       used 62353K, committed 63808K, reserved 1114112K
  class space    used 6645K, committed 7232K, reserved 1048576K
}
Event: 30.463 GC heap before
{Heap before GC invocations=74 (full 3):
 PSYoungGen      total 16896K, used 16690K [0x00000000d5580000, 0x00000000d6900000, 0x0000000100000000)
  eden space 15872K, 99% used [0x00000000d5580000,0x00000000d64ff090,0x00000000d6500000)
  from space 1024K, 80% used [0x00000000d6800000,0x00000000d68cd808,0x00000000d6900000)
  to   space 1024K, 0% used [0x00000000d6700000,0x00000000d6700000,0x00000000d6800000)
 ParOldGen       total 77312K, used 77138K [0x0000000080000000, 0x0000000084b80000, 0x00000000d5580000)
  object space 77312K, 99% used [0x0000000080000000,0x0000000084b548d8,0x0000000084b80000)
 Metaspace       used 63474K, committed 64960K, reserved 1114112K
  class space    used 6750K, committed 7360K, reserved 1048576K
}
Event: 30.466 GC heap after
{Heap after GC invocations=74 (full 3):
 PSYoungGen      total 16896K, used 656K [0x00000000d5580000, 0x00000000d6880000, 0x0000000100000000)
  eden space 15872K, 0% used [0x00000000d5580000,0x00000000d5580000,0x00000000d6500000)
  from space 1024K, 64% used [0x00000000d6700000,0x00000000d67a4050,0x00000000d6800000)
  to   space 512K, 0% used [0x00000000d6800000,0x00000000d6800000,0x00000000d6880000)
 ParOldGen       total 77824K, used 77745K [0x0000000080000000, 0x0000000084c00000, 0x00000000d5580000)
  object space 77824K, 99% used [0x0000000080000000,0x0000000084bec6a0,0x0000000084c00000)
 Metaspace       used 63474K, committed 64960K, reserved 1114112K
  class space    used 6750K, committed 7360K, reserved 1048576K
}
Event: 30.870 GC heap before
{Heap before GC invocations=75 (full 3):
 PSYoungGen      total 16896K, used 16528K [0x00000000d5580000, 0x00000000d6880000, 0x0000000100000000)
  eden space 15872K, 100% used [0x00000000d5580000,0x00000000d6500000,0x00000000d6500000)
  from space 1024K, 64% used [0x00000000d6700000,0x00000000d67a4050,0x00000000d6800000)
  to   space 512K, 0% used [0x00000000d6800000,0x00000000d6800000,0x00000000d6880000)
 ParOldGen       total 77824K, used 77745K [0x0000000080000000, 0x0000000084c00000, 0x00000000d5580000)
  object space 77824K, 99% used [0x0000000080000000,0x0000000084bec6a0,0x0000000084c00000)
 Metaspace       used 63975K, committed 65472K, reserved 1114112K
  class space    used 6828K, committed 7424K, reserved 1048576K
}
Event: 30.873 GC heap after
{Heap after GC invocations=75 (full 3):
 PSYoungGen      total 16384K, used 512K [0x00000000d5580000, 0x00000000d6a00000, 0x0000000100000000)
  eden space 15872K, 0% used [0x00000000d5580000,0x00000000d5580000,0x00000000d6500000)
  from space 512K, 100% used [0x00000000d6800000,0x00000000d6880000,0x00000000d6880000)
  to   space 2560K, 0% used [0x00000000d6500000,0x00000000d6500000,0x00000000d6780000)
 ParOldGen       total 79872K, used 79365K [0x0000000080000000, 0x0000000084e00000, 0x00000000d5580000)
  object space 79872K, 99% used [0x0000000080000000,0x0000000084d81710,0x0000000084e00000)
 Metaspace       used 63975K, committed 65472K, reserved 1114112K
  class space    used 6828K, committed 7424K, reserved 1048576K
}
Event: 31.134 GC heap before
{Heap before GC invocations=76 (full 3):
 PSYoungGen      total 16384K, used 10200K [0x00000000d5580000, 0x00000000d6a00000, 0x0000000100000000)
  eden space 15872K, 61% used [0x00000000d5580000,0x00000000d5ef6068,0x00000000d6500000)
  from space 512K, 100% used [0x00000000d6800000,0x00000000d6880000,0x00000000d6880000)
  to   space 2560K, 0% used [0x00000000d6500000,0x00000000d6500000,0x00000000d6780000)
 ParOldGen       total 79872K, used 79365K [0x0000000080000000, 0x0000000084e00000, 0x00000000d5580000)
  object space 79872K, 99% used [0x0000000080000000,0x0000000084d81710,0x0000000084e00000)
 Metaspace       used 64595K, committed 66112K, reserved 1114112K
  class space    used 6897K, committed 7552K, reserved 1048576K
}
Event: 31.136 GC heap after
{Heap after GC invocations=76 (full 3):
 PSYoungGen      total 16896K, used 725K [0x00000000d5580000, 0x00000000d6880000, 0x0000000100000000)
  eden space 15872K, 0% used [0x00000000d5580000,0x00000000d5580000,0x00000000d6500000)
  from space 1024K, 70% used [0x00000000d6500000,0x00000000d65b5430,0x00000000d6600000)
  to   space 1536K, 0% used [0x00000000d6700000,0x00000000d6700000,0x00000000d6880000)
 ParOldGen       total 79872K, used 79821K [0x0000000080000000, 0x0000000084e00000, 0x00000000d5580000)
  object space 79872K, 99% used [0x0000000080000000,0x0000000084df3710,0x0000000084e00000)
 Metaspace       used 64595K, committed 66112K, reserved 1114112K
  class space    used 6897K, committed 7552K, reserved 1048576K
}
Event: 32.740 GC heap before
{Heap before GC invocations=77 (full 3):
 PSYoungGen      total 16896K, used 16597K [0x00000000d5580000, 0x00000000d6880000, 0x0000000100000000)
  eden space 15872K, 100% used [0x00000000d5580000,0x00000000d6500000,0x00000000d6500000)
  from space 1024K, 70% used [0x00000000d6500000,0x00000000d65b5430,0x00000000d6600000)
  to   space 1536K, 0% used [0x00000000d6700000,0x00000000d6700000,0x00000000d6880000)
 ParOldGen       total 103424K, used 102861K [0x0000000080000000, 0x0000000086500000, 0x00000000d5580000)
  object space 103424K, 99% used [0x0000000080000000,0x0000000086473730,0x0000000086500000)
 Metaspace       used 64853K, committed 66432K, reserved 1114112K
  class space    used 6921K, committed 7552K, reserved 1048576K
}
Event: 32.742 GC heap after
{Heap after GC invocations=77 (full 3):
 PSYoungGen      total 16896K, used 692K [0x00000000d5580000, 0x00000000d6800000, 0x0000000100000000)
  eden space 15872K, 0% used [0x00000000d5580000,0x00000000d5580000,0x00000000d6500000)
  from space 1024K, 67% used [0x00000000d6700000,0x00000000d67ad220,0x00000000d6800000)
  to   space 1024K, 0% used [0x00000000d6500000,0x00000000d6500000,0x00000000d6600000)
 ParOldGen       total 103424K, used 103389K [0x0000000080000000, 0x0000000086500000, 0x00000000d5580000)
  object space 103424K, 99% used [0x0000000080000000,0x00000000864f7720,0x0000000086500000)
 Metaspace       used 64853K, committed 66432K, reserved 1114112K
  class space    used 6921K, committed 7552K, reserved 1048576K
}

Dll operation events (10 events):
Event: 0.016 Loaded shared library c:\Users\HaimP\.vscode\extensions\redhat.java-1.52.0-win32-x64\jre\21.0.9-win32-x86_64\bin\java.dll
Event: 0.116 Loaded shared library c:\Users\HaimP\.vscode\extensions\redhat.java-1.52.0-win32-x64\jre\21.0.9-win32-x86_64\bin\zip.dll
Event: 0.150 Loaded shared library C:\Users\HaimP\.vscode\extensions\redhat.java-1.52.0-win32-x64\jre\21.0.9-win32-x86_64\bin\instrument.dll
Event: 0.158 Loaded shared library C:\Users\HaimP\.vscode\extensions\redhat.java-1.52.0-win32-x64\jre\21.0.9-win32-x86_64\bin\net.dll
Event: 0.161 Loaded shared library C:\Users\HaimP\.vscode\extensions\redhat.java-1.52.0-win32-x64\jre\21.0.9-win32-x86_64\bin\nio.dll
Event: 0.166 Loaded shared library C:\Users\HaimP\.vscode\extensions\redhat.java-1.52.0-win32-x64\jre\21.0.9-win32-x86_64\bin\zip.dll
Event: 0.182 Loaded shared library C:\Users\HaimP\.vscode\extensions\redhat.java-1.52.0-win32-x64\jre\21.0.9-win32-x86_64\bin\jimage.dll
Event: 0.264 Loaded shared library c:\Users\HaimP\.vscode\extensions\redhat.java-1.52.0-win32-x64\jre\21.0.9-win32-x86_64\bin\verify.dll
Event: 1.814 Loaded shared library C:\Users\HaimP\AppData\Roaming\Code\User\globalStorage\redhat.java\1.52.0\config_win\org.eclipse.equinox.launcher\org.eclipse.equinox.launcher.win32.win32.x86_64_1.2.1500.v20260121-1430\eclipse_11919.dll
Event: 3.907 Loaded shared library C:\Users\HaimP\AppData\Local\Temp\jna-69487603\jna2782350720582747664.dll

Deoptimization events (20 events):
Event: 31.639 Thread 0x000001919c9e0380 DEOPT PACKING pc=0x0000019141975ed0 sp=0x0000001cff7fe8c0
Event: 31.639 Thread 0x000001919c9e0380 DEOPT UNPACKING pc=0x0000019148734242 sp=0x0000001cff7fde18 mode 0
Event: 32.731 Thread 0x000001919eeb2730 Uncommon trap: trap_request=0xfffffff4 fr.pc=0x0000019148eae064 relative=0x00000000000003e4
Event: 32.731 Thread 0x000001919eeb2730 Uncommon trap: reason=null_check action=make_not_entrant pc=0x0000019148eae064 method=jdk.nio.zipfs.ZipFileSystem$IndexNode.keyOf([B)Ljdk/nio/zipfs/ZipFileSystem$IndexNode; @ 6 c2
Event: 32.731 Thread 0x000001919eeb2730 DEOPT PACKING pc=0x0000019148eae064 sp=0x0000001c819fdf80
Event: 32.731 Thread 0x000001919eeb2730 DEOPT UNPACKING pc=0x0000019148733aa2 sp=0x0000001c819fdf28 mode 2
Event: 32.732 Thread 0x000001919eeb2730 DEOPT PACKING pc=0x0000019142779b1a sp=0x0000001c819fdf70
Event: 32.732 Thread 0x000001919eeb2730 DEOPT UNPACKING pc=0x0000019148734242 sp=0x0000001c819fd408 mode 0
Event: 32.761 Thread 0x000001919eeb2730 DEOPT PACKING pc=0x0000019141d370e7 sp=0x0000001c819fdc70
Event: 32.761 Thread 0x000001919eeb2730 DEOPT UNPACKING pc=0x0000019148734242 sp=0x0000001c819fd1e0 mode 0
Event: 32.789 Thread 0x000001919eeb2730 DEOPT PACKING pc=0x0000019141d370e7 sp=0x0000001c819fdc70
Event: 32.789 Thread 0x000001919eeb2730 DEOPT UNPACKING pc=0x0000019148734242 sp=0x0000001c819fd1e0 mode 0
Event: 32.815 Thread 0x000001919eeb2730 DEOPT PACKING pc=0x0000019141d370e7 sp=0x0000001c819fdc70
Event: 32.815 Thread 0x000001919eeb2730 DEOPT UNPACKING pc=0x0000019148734242 sp=0x0000001c819fd1e0 mode 0
Event: 32.850 Thread 0x000001919eeb2730 DEOPT PACKING pc=0x0000019141d370e7 sp=0x0000001c819fdc20
Event: 32.850 Thread 0x000001919eeb2730 DEOPT UNPACKING pc=0x0000019148734242 sp=0x0000001c819fd190 mode 0
Event: 32.867 Thread 0x000001919eeb2730 Uncommon trap: trap_request=0xffffff6e fr.pc=0x000001914931f548 relative=0x00000000000003e8
Event: 32.867 Thread 0x000001919eeb2730 Uncommon trap: reason=loop_limit_check action=maybe_recompile pc=0x000001914931f548 method=org.eclipse.jdt.core.compiler.CharOperation.concatWith([[CC)[C @ 121 c2
Event: 32.867 Thread 0x000001919eeb2730 DEOPT PACKING pc=0x000001914931f548 sp=0x0000001c819fcc90
Event: 32.867 Thread 0x000001919eeb2730 DEOPT UNPACKING pc=0x0000019148733aa2 sp=0x0000001c819fcc40 mode 2

Classes loaded (20 events):
Event: 29.436 Loading class java/util/HashMap$EntrySpliterator
Event: 29.440 Loading class java/util/HashMap$EntrySpliterator done
Event: 30.066 Loading class java/util/AbstractList$RandomAccessSubList
Event: 30.066 Loading class java/util/AbstractList$SubList
Event: 30.068 Loading class java/util/AbstractList$SubList done
Event: 30.068 Loading class java/util/AbstractList$RandomAccessSubList done
Event: 30.068 Loading class java/util/AbstractList$SubList$1
Event: 30.068 Loading class java/util/AbstractList$SubList$1 done
Event: 30.165 Loading class java/util/ImmutableCollections$SubList
Event: 30.166 Loading class java/util/ImmutableCollections$SubList done
Event: 30.285 Loading class java/util/zip/CheckedInputStream
Event: 30.286 Loading class java/util/zip/CheckedInputStream done
Event: 31.155 Loading class java/nio/BufferMismatch
Event: 31.155 Loading class java/nio/BufferMismatch done
Event: 31.705 Loading class sun/nio/cs/ISO_8859_1$Encoder
Event: 31.706 Loading class sun/nio/cs/ISO_8859_1$Encoder done
Event: 31.706 Loading class sun/nio/cs/Surrogate$Parser
Event: 31.707 Loading class sun/nio/cs/Surrogate$Parser done
Event: 31.707 Loading class sun/nio/cs/Surrogate
Event: 31.707 Loading class sun/nio/cs/Surrogate done

Classes unloaded (7 events):
Event: 4.995 Thread 0x00000191961c3ae0 Unloading class 0x00000191561a9400 'java/lang/invoke/LambdaForm$MH+0x00000191561a9400'
Event: 4.995 Thread 0x00000191961c3ae0 Unloading class 0x00000191561a9000 'java/lang/invoke/LambdaForm$MH+0x00000191561a9000'
Event: 4.995 Thread 0x00000191961c3ae0 Unloading class 0x00000191561a8c00 'java/lang/invoke/LambdaForm$MH+0x00000191561a8c00'
Event: 4.995 Thread 0x00000191961c3ae0 Unloading class 0x00000191561a8800 'java/lang/invoke/LambdaForm$MH+0x00000191561a8800'
Event: 4.995 Thread 0x00000191961c3ae0 Unloading class 0x00000191561a8400 'java/lang/invoke/LambdaForm$BMH+0x00000191561a8400'
Event: 4.995 Thread 0x00000191961c3ae0 Unloading class 0x00000191561a8000 'java/lang/invoke/LambdaForm$DMH+0x00000191561a8000'
Event: 4.995 Thread 0x00000191961c3ae0 Unloading class 0x00000191561a6c00 'java/lang/invoke/LambdaForm$DMH+0x00000191561a6c00'

Classes redefined (0 events):
No events

Internal exceptions (20 events):
Event: 29.849 Thread 0x000001919cd5dd80 Exception <a 'java/io/FileNotFoundException'{0x00000000d6472870}> (0x00000000d6472870) 
thrown [s\src\hotspot\share\prims\jni.cpp, line 520]
Event: 30.099 Thread 0x000001919eeb2730 Exception <a 'sun/nio/fs/WindowsException'{0x00000000d5c610a0}> (0x00000000d5c610a0) 
thrown [s\src\hotspot\share\prims\jni.cpp, line 520]
Event: 30.099 Thread 0x000001919eeb2730 Exception <a 'sun/nio/fs/WindowsException'{0x00000000d5c61e00}> (0x00000000d5c61e00) 
thrown [s\src\hotspot\share\prims\jni.cpp, line 520]
Event: 30.130 Thread 0x000001919eeb2730 Exception <a 'sun/nio/fs/WindowsException'{0x00000000d5d15d38}> (0x00000000d5d15d38) 
thrown [s\src\hotspot\share\prims\jni.cpp, line 520]
Event: 30.131 Thread 0x000001919eeb2730 Exception <a 'sun/nio/fs/WindowsException'{0x00000000d5d53130}> (0x00000000d5d53130) 
thrown [s\src\hotspot\share\prims\jni.cpp, line 520]
Event: 30.135 Thread 0x000001919eeb2730 Exception <a 'sun/nio/fs/WindowsException'{0x00000000d5d54498}> (0x00000000d5d54498) 
thrown [s\src\hotspot\share\prims\jni.cpp, line 520]
Event: 30.136 Thread 0x000001919eeb2730 Exception <a 'sun/nio/fs/WindowsException'{0x00000000d5d5ba08}> (0x00000000d5d5ba08) 
thrown [s\src\hotspot\share\prims\jni.cpp, line 520]
Event: 30.272 Thread 0x000001919eeae590 Implicit null exception at 0x0000019148eaebe0 to 0x0000019148eaf254
Event: 30.501 Thread 0x000001919eeae590 Exception <a 'java/lang/NoSuchMethodError'{0x00000000d566b910}: 'java.lang.Object java.lang.invoke.DirectMethodHandle$Holder.newInvokeSpecial(java.lang.Object, java.lang.Object, int, java.lang.Object, java.lang.Object)'> (0x00000000d566b910) 
thrown [s\src\hotspot\share\interpreter\linkResolver.cpp, line 773]
Event: 30.505 Thread 0x000001919eeae590 Exception <a 'java/lang/NoSuchMethodError'{0x00000000d56865c0}: 'java.lang.Object java.lang.invoke.DirectMethodHandle$Holder.invokeSpecial(java.lang.Object, java.lang.Object, java.lang.Object, int, java.lang.Object, java.lang.Object, java.lang.Object)'> (0x00000000d56865c0) 
thrown [s\src\hotspot\share\interpreter\linkResolver.cpp, line 773]
Event: 30.511 Thread 0x000001919eeae590 Exception <a 'java/lang/NoSuchMethodError'{0x00000000d568e9f8}: 'java.lang.Object java.lang.invoke.DirectMethodHandle$Holder.invokeStatic(java.lang.Object, java.lang.Object, int, java.lang.Object, java.lang.Object)'> (0x00000000d568e9f8) 
thrown [s\src\hotspot\share\interpreter\linkResolver.cpp, line 773]
Event: 30.512 Thread 0x000001919eeae590 Exception <a 'java/lang/NoSuchMethodError'{0x00000000d5695280}: 'java.lang.Object java.lang.invoke.DirectMethodHandle$Holder.newInvokeSpecial(java.lang.Object, java.lang.Object, int)'> (0x00000000d5695280) 
thrown [s\src\hotspot\share\interpreter\linkResolver.cpp, line 773]
Event: 30.535 Thread 0x000001919eeae590 Exception <a 'java/lang/NoSuchMethodError'{0x00000000d5712b90}: 'void java.lang.invoke.DirectMethodHandle$Holder.invokeStatic(java.lang.Object, int)'> (0x00000000d5712b90) 
thrown [s\src\hotspot\share\interpreter\linkResolver.cpp, line 773]
Event: 30.730 Thread 0x000001919eeae590 Exception <a 'java/io/FileNotFoundException'{0x00000000d5e387f8}> (0x00000000d5e387f8) 
thrown [s\src\hotspot\share\prims\jni.cpp, line 520]
Event: 30.731 Thread 0x000001919eeae590 Exception <a 'java/io/FileNotFoundException'{0x00000000d5e39ad0}> (0x00000000d5e39ad0) 
thrown [s\src\hotspot\share\prims\jni.cpp, line 520]
Event: 30.731 Thread 0x000001919eeae590 Exception <a 'java/io/FileNotFoundException'{0x00000000d5e3ab00}> (0x00000000d5e3ab00) 
thrown [s\src\hotspot\share\prims\jni.cpp, line 520]
Event: 30.888 Thread 0x000001919fd4f840 Implicit null exception at 0x00000191491b2fc8 to 0x00000191491b3104
Event: 30.954 Thread 0x000001919eeae590 Implicit null exception at 0x0000019148f8bfe8 to 0x0000019148f8d238
Event: 31.278 Thread 0x000001919cd604e0 Exception <a 'java/lang/NoSuchMethodError'{0x00000000d6005440}: 'java.lang.Object java.lang.invoke.DirectMethodHandle$Holder.invokeStatic(java.lang.Object, java.lang.Object, int, java.lang.Object)'> (0x00000000d6005440) 
thrown [s\src\hotspot\share\interpreter\linkResolver.cpp, line 773]
Event: 32.731 Thread 0x000001919eeb2730 Implicit null exception at 0x0000019148eadd04 to 0x0000019148eae050

ZGC Phase Switch (0 events):
No events

VM Operations (20 events):
Event: 29.871 Executing VM operation: ParallelGCFailedAllocation (Allocation Failure)
Event: 29.873 Executing VM operation: ParallelGCFailedAllocation (Allocation Failure) done
Event: 30.010 Executing VM operation: HandshakeAllThreads (Deoptimize)
Event: 30.010 Executing VM operation: HandshakeAllThreads (Deoptimize) done
Event: 30.071 Executing VM operation: HandshakeAllThreads (Deoptimize)
Event: 30.090 Executing VM operation: HandshakeAllThreads (Deoptimize) done
Event: 30.251 Executing VM operation: HandshakeAllThreads (Deoptimize)
Event: 30.251 Executing VM operation: HandshakeAllThreads (Deoptimize) done
Event: 30.462 Executing VM operation: ParallelGCFailedAllocation (Allocation Failure)
Event: 30.466 Executing VM operation: ParallelGCFailedAllocation (Allocation Failure) done
Event: 30.869 Executing VM operation: ParallelGCFailedAllocation (Allocation Failure)
Event: 30.873 Executing VM operation: ParallelGCFailedAllocation (Allocation Failure) done
Event: 31.134 Executing VM operation: ParallelGCFailedAllocation (Allocation Failure)
Event: 31.136 Executing VM operation: ParallelGCFailedAllocation (Allocation Failure) done
Event: 32.146 Executing VM operation: Cleanup
Event: 32.146 Executing VM operation: Cleanup done
Event: 32.740 Executing VM operation: ParallelGCFailedAllocation (Allocation Failure)
Event: 32.742 Executing VM operation: ParallelGCFailedAllocation (Allocation Failure) done
Event: 34.746 Executing VM operation: Cleanup
Event: 34.746 Executing VM operation: Cleanup done

Memory protections (0 events):
No events

Nmethod flushes (20 events):
Event: 27.703 Thread 0x00000191961c3ae0 flushing  nmethod 0x00000191419b7c10
Event: 27.703 Thread 0x00000191961c3ae0 flushing  nmethod 0x00000191419d7190
Event: 27.703 Thread 0x00000191961c3ae0 flushing  nmethod 0x00000191419def10
Event: 27.703 Thread 0x00000191961c3ae0 flushing osr nmethod 0x0000019141a36490
Event: 27.703 Thread 0x00000191961c3ae0 flushing osr nmethod 0x0000019141a55090
Event: 27.703 Thread 0x00000191961c3ae0 flushing  nmethod 0x0000019141a61f90
Event: 27.703 Thread 0x00000191961c3ae0 flushing  nmethod 0x0000019141a78f10
Event: 27.703 Thread 0x00000191961c3ae0 flushing  nmethod 0x0000019141a7ab90
Event: 27.703 Thread 0x00000191961c3ae0 flushing osr nmethod 0x0000019141a82410
Event: 27.703 Thread 0x00000191961c3ae0 flushing  nmethod 0x0000019141a83510
Event: 27.703 Thread 0x00000191961c3ae0 flushing  nmethod 0x0000019141a94410
Event: 27.703 Thread 0x00000191961c3ae0 flushing  nmethod 0x0000019141a94a10
Event: 27.703 Thread 0x00000191961c3ae0 flushing  nmethod 0x0000019141a95290
Event: 27.703 Thread 0x00000191961c3ae0 flushing  nmethod 0x0000019141a97e90
Event: 27.703 Thread 0x00000191961c3ae0 flushing  nmethod 0x0000019141ac0390
Event: 27.703 Thread 0x00000191961c3ae0 flushing  nmethod 0x0000019141b2e790
Event: 27.703 Thread 0x00000191961c3ae0 flushing  nmethod 0x0000019141b41d10
Event: 27.703 Thread 0x00000191961c3ae0 flushing  nmethod 0x0000019141b42090
Event: 27.703 Thread 0x00000191961c3ae0 flushing  nmethod 0x0000019141b42410
Event: 27.703 Thread 0x00000191961c3ae0 flushing  nmethod 0x0000019141b42d90

Events (20 events):
Event: 27.175 Thread 0x000001919fd4f840 Thread exited: 0x000001919fd4f840
Event: 27.191 Thread 0x000001919fd4c3c0 Thread exited: 0x000001919fd4c3c0
Event: 27.229 Thread 0x000001919fd4e490 Thread exited: 0x000001919fd4e490
Event: 27.229 Thread 0x000001919fd48f40 Thread exited: 0x000001919fd48f40
Event: 30.121 Thread 0x000001919eeae590 Thread added: 0x000001919fd48f40
Event: 30.806 Thread 0x000001919eeae590 Thread added: 0x000001919fd4fed0
Event: 30.806 Thread 0x000001919eeae590 Thread added: 0x000001919fd4f1b0
Event: 30.806 Thread 0x000001919eeae590 Thread added: 0x000001919fd4ca50
Event: 30.807 Thread 0x000001919eeae590 Thread added: 0x000001919fd4f840
Event: 30.807 Thread 0x000001919eeae590 Thread added: 0x000001919fd4d0e0
Event: 30.920 Thread 0x000001919fd4fed0 Thread exited: 0x000001919fd4fed0
Event: 30.921 Thread 0x000001919fd4f840 Thread exited: 0x000001919fd4f840
Event: 30.921 Thread 0x000001919fd4d0e0 Thread exited: 0x000001919fd4d0e0
Event: 30.927 Thread 0x000001919fd4ca50 Thread exited: 0x000001919fd4ca50
Event: 30.927 Thread 0x000001919fd4f1b0 Thread exited: 0x000001919fd4f1b0
Event: 31.594 Thread 0x000001919e513b90 Thread exited: 0x000001919e513b90
Event: 31.642 Thread 0x00000191961e7920 Thread added: 0x000001919e513b90
Event: 32.714 Thread 0x000001919e513b90 Thread exited: 0x000001919e513b90
Event: 32.732 Thread 0x00000191961e7920 Thread added: 0x000001919e513b90
Event: 32.740 Thread 0x00000191961e7920 Thread added: 0x000001919f5ed010


Dynamic libraries:
0x00007ff645c60000 - 0x00007ff645c6e000 	c:\Users\HaimP\.vscode\extensions\redhat.java-1.52.0-win32-x64\jre\21.0.9-win32-x86_64\bin\java.exe
0x00007ff832de0000 - 0x00007ff833048000 	C:\WINDOWS\SYSTEM32\ntdll.dll
0x00007ff831bd0000 - 0x00007ff831c99000 	C:\WINDOWS\System32\KERNEL32.DLL
0x00007ff830130000 - 0x00007ff830521000 	C:\WINDOWS\System32\KERNELBASE.dll
0x00007ff82cbb0000 - 0x00007ff82cc4e000 	C:\WINDOWS\SYSTEM32\apphelp.dll
0x00007ff8305e0000 - 0x00007ff83072b000 	C:\WINDOWS\System32\ucrtbase.dll
0x00007ff816f90000 - 0x00007ff816fa8000 	c:\Users\HaimP\.vscode\extensions\redhat.java-1.52.0-win32-x64\jre\21.0.9-win32-x86_64\bin\jli.dll
0x00007ff831da0000 - 0x00007ff831f66000 	C:\WINDOWS\System32\USER32.dll
0x00007ff8309e0000 - 0x00007ff830a07000 	C:\WINDOWS\System32\win32u.dll
0x00007ff8324a0000 - 0x00007ff8324cb000 	C:\WINDOWS\System32\GDI32.dll
0x00007ff8308b0000 - 0x00007ff8309db000 	C:\WINDOWS\System32\gdi32full.dll
0x00007ff830530000 - 0x00007ff8305d3000 	C:\WINDOWS\System32\msvcp_win.dll
0x00007ff80ed90000 - 0x00007ff80f023000 	C:\WINDOWS\WinSxS\amd64_microsoft.windows.common-controls_6595b64144ccf1df_6.0.26100.7824_none_3e0870b2e3345462\COMCTL32.dll
0x00007ff831b20000 - 0x00007ff831bc9000 	C:\WINDOWS\System32\msvcrt.dll
0x00007ff811f90000 - 0x00007ff811fae000 	c:\Users\HaimP\.vscode\extensions\redhat.java-1.52.0-win32-x64\jre\21.0.9-win32-x86_64\bin\VCRUNTIME140.dll
0x00007ff832240000 - 0x00007ff832271000 	C:\WINDOWS\System32\IMM32.DLL
0x00007ff81b290000 - 0x00007ff81b29c000 	c:\Users\HaimP\.vscode\extensions\redhat.java-1.52.0-win32-x64\jre\21.0.9-win32-x86_64\bin\vcruntime140_1.dll
0x00007fffe6c40000 - 0x00007fffe6ccd000 	c:\Users\HaimP\.vscode\extensions\redhat.java-1.52.0-win32-x64\jre\21.0.9-win32-x86_64\bin\msvcp140.dll
0x00007fff552f0000 - 0x00007fff56090000 	c:\Users\HaimP\.vscode\extensions\redhat.java-1.52.0-win32-x64\jre\21.0.9-win32-x86_64\bin\server\jvm.dll
0x00007ff8322e0000 - 0x00007ff832394000 	C:\WINDOWS\System32\ADVAPI32.dll
0x00007ff831950000 - 0x00007ff8319f6000 	C:\WINDOWS\System32\sechost.dll
0x00007ff831a00000 - 0x00007ff831b18000 	C:\WINDOWS\System32\RPCRT4.dll
0x00007ff8310b0000 - 0x00007ff831124000 	C:\WINDOWS\System32\WS2_32.dll
0x00007ff82f520000 - 0x00007ff82f57e000 	C:\WINDOWS\SYSTEM32\POWRPROF.dll
0x00007ff81eb90000 - 0x00007ff81ebc5000 	C:\WINDOWS\SYSTEM32\WINMM.dll
0x00007ff8217d0000 - 0x00007ff8217db000 	C:\WINDOWS\SYSTEM32\VERSION.dll
0x00007ff82f500000 - 0x00007ff82f514000 	C:\WINDOWS\SYSTEM32\UMPDC.dll
0x00007ff82e430000 - 0x00007ff82e44b000 	C:\WINDOWS\SYSTEM32\kernel.appcore.dll
0x00007ff81a2b0000 - 0x00007ff81a2ba000 	c:\Users\HaimP\.vscode\extensions\redhat.java-1.52.0-win32-x64\jre\21.0.9-win32-x86_64\bin\jimage.dll
0x00007ff82ced0000 - 0x00007ff82d112000 	C:\WINDOWS\SYSTEM32\DBGHELP.DLL
0x00007ff8315c0000 - 0x00007ff831946000 	C:\WINDOWS\System32\combase.dll
0x00007ff830fd0000 - 0x00007ff8310a7000 	C:\WINDOWS\System32\OLEAUT32.dll
0x00007ff80ed50000 - 0x00007ff80ed8b000 	C:\WINDOWS\SYSTEM32\dbgcore.DLL
0x00007ff82fff0000 - 0x00007ff830095000 	C:\WINDOWS\System32\bcryptPrimitives.dll
0x00007ff817a90000 - 0x00007ff817a9f000 	c:\Users\HaimP\.vscode\extensions\redhat.java-1.52.0-win32-x64\jre\21.0.9-win32-x86_64\bin\instrument.dll
0x00007ff8108d0000 - 0x00007ff8108f0000 	c:\Users\HaimP\.vscode\extensions\redhat.java-1.52.0-win32-x64\jre\21.0.9-win32-x86_64\bin\java.dll
0x00007ff8325f0000 - 0x00007ff832d42000 	C:\WINDOWS\System32\SHELL32.dll
0x00007ff830a10000 - 0x00007ff830b7a000 	C:\WINDOWS\System32\wintypes.dll
0x00007ff82f6c0000 - 0x00007ff82ff23000 	C:\WINDOWS\System32\windows.storage.dll
0x00007ff831ca0000 - 0x00007ff831d96000 	C:\WINDOWS\System32\SHCORE.dll
0x00007ff832420000 - 0x00007ff832487000 	C:\WINDOWS\System32\shlwapi.dll
0x00007ff82f5e0000 - 0x00007ff82f609000 	C:\WINDOWS\SYSTEM32\profapi.dll
0x00007ff811f10000 - 0x00007ff811f28000 	c:\Users\HaimP\.vscode\extensions\redhat.java-1.52.0-win32-x64\jre\21.0.9-win32-x86_64\bin\zip.dll
0x00007ff817230000 - 0x00007ff817240000 	C:\Users\HaimP\.vscode\extensions\redhat.java-1.52.0-win32-x64\jre\21.0.9-win32-x86_64\bin\net.dll
0x00007ff827ed0000 - 0x00007ff827ff7000 	C:\WINDOWS\SYSTEM32\WINHTTP.dll
0x00007ff82e9b0000 - 0x00007ff82ea1b000 	C:\WINDOWS\system32\mswsock.dll
0x00007ff807d20000 - 0x00007ff807d36000 	C:\Users\HaimP\.vscode\extensions\redhat.java-1.52.0-win32-x64\jre\21.0.9-win32-x86_64\bin\nio.dll
0x00007ff816c00000 - 0x00007ff816c10000 	c:\Users\HaimP\.vscode\extensions\redhat.java-1.52.0-win32-x64\jre\21.0.9-win32-x86_64\bin\verify.dll
0x00007ffff7e30000 - 0x00007ffff7e75000 	C:\Users\HaimP\AppData\Roaming\Code\User\globalStorage\redhat.java\1.52.0\config_win\org.eclipse.equinox.launcher\org.eclipse.equinox.launcher.win32.win32.x86_64_1.2.1500.v20260121-1430\eclipse_11919.dll
0x00007ff830d80000 - 0x00007ff830f17000 	C:\WINDOWS\System32\ole32.dll
0x00007ff82eca0000 - 0x00007ff82ecbb000 	C:\WINDOWS\SYSTEM32\CRYPTSP.dll
0x00007ff82e380000 - 0x00007ff82e3b9000 	C:\WINDOWS\system32\rsaenh.dll
0x00007ff82ea60000 - 0x00007ff82ea8b000 	C:\WINDOWS\SYSTEM32\USERENV.dll
0x00007ff82f5b0000 - 0x00007ff82f5da000 	C:\WINDOWS\SYSTEM32\bcrypt.dll
0x00007ff82ecc0000 - 0x00007ff82eccc000 	C:\WINDOWS\SYSTEM32\CRYPTBASE.dll
0x00007ff82de20000 - 0x00007ff82de54000 	C:\WINDOWS\SYSTEM32\IPHLPAPI.DLL
0x00007ff831f70000 - 0x00007ff831f7a000 	C:\WINDOWS\System32\NSI.dll
0x00007fffc6660000 - 0x00007fffc66a9000 	C:\Users\HaimP\AppData\Local\Temp\jna-69487603\jna2782350720582747664.dll
0x00007ff8324e0000 - 0x00007ff8324e8000 	C:\WINDOWS\System32\PSAPI.DLL
0x00007ff827c30000 - 0x00007ff827c4e000 	C:\WINDOWS\SYSTEM32\dhcpcsvc6.DLL
0x00007ff827810000 - 0x00007ff827833000 	C:\WINDOWS\SYSTEM32\dhcpcsvc.DLL

JVMTI agents:
c:\Users\HaimP\.vscode\extensions\redhat.java-1.52.0-win32-x64\lombok\lombok-1.18.39-4050.jar path:c:\Users\HaimP\.vscode\extensions\redhat.java-1.52.0-win32-x64\jre\21.0.9-win32-x86_64\bin\instrument.dll, loaded, initialized, instrumentlib options:none

dbghelp: loaded successfully - version: 4.0.5 - missing functions: none
symbol engine: initialized successfully - sym options: 0x614 - pdb path: .;c:\Users\HaimP\.vscode\extensions\redhat.java-1.52.0-win32-x64\jre\21.0.9-win32-x86_64\bin;C:\WINDOWS\SYSTEM32;C:\WINDOWS\WinSxS\amd64_microsoft.windows.common-controls_6595b64144ccf1df_6.0.26100.7824_none_3e0870b2e3345462;c:\Users\HaimP\.vscode\extensions\redhat.java-1.52.0-win32-x64\jre\21.0.9-win32-x86_64\bin\server;C:\Users\HaimP\AppData\Roaming\Code\User\globalStorage\redhat.java\1.52.0\config_win\org.eclipse.equinox.launcher\org.eclipse.equinox.launcher.win32.win32.x86_64_1.2.1500.v20260121-1430;C:\Users\HaimP\AppData\Local\Temp\jna-69487603

VM Arguments:
jvm_args: --add-modules=ALL-SYSTEM --add-opens=java.base/java.util=ALL-UNNAMED --add-opens=java.base/java.lang=ALL-UNNAMED --add-opens=java.base/sun.nio.fs=ALL-UNNAMED -Declipse.application=org.eclipse.jdt.ls.core.id1 -Dosgi.bundles.defaultStartLevel=4 -Declipse.product=org.eclipse.jdt.ls.core.product -Djava.import.generatesMetadataFilesAtProjectRoot=false -DDetectVMInstallationsJob.disabled=true -Dfile.encoding=utf8 -XX:+UseParallelGC -XX:GCTimeRatio=4 -XX:AdaptiveSizePolicyWeight=90 -Dsun.zip.disableMemoryMapping=true -Xmx2G -Xms100m -Xlog:disable -javaagent:c:\Users\HaimP\.vscode\extensions\redhat.java-1.52.0-win32-x64\lombok\lombok-1.18.39-4050.jar -XX:+HeapDumpOnOutOfMemoryError -XX:HeapDumpPath=c:\Users\HaimP\AppData\Roaming\Code\User\workspaceStorage\995d124ea6cb87d576d317e599458698\redhat.java -Daether.dependencyCollector.impl=bf 
java_command: c:\Users\HaimP\.vscode\extensions\redhat.java-1.52.0-win32-x64\server\plugins\org.eclipse.equinox.launcher_1.7.100.v20251111-0406.jar -configuration c:\Users\HaimP\AppData\Roaming\Code\User\globalStorage\redhat.java\1.52.0\config_win -data c:\Users\HaimP\AppData\Roaming\Code\User\workspaceStorage\995d124ea6cb87d576d317e599458698\redhat.java\jdt_ws --pipe=\\.\pipe\lsp-12a5a66c72fcf2618d867d61b753c57f-sock
java_class_path (initial): c:\Users\HaimP\.vscode\extensions\redhat.java-1.52.0-win32-x64\server\plugins\org.eclipse.equinox.launcher_1.7.100.v20251111-0406.jar
Launcher Type: SUN_STANDARD

[Global flags]
    uintx AdaptiveSizePolicyWeight                 = 90                                        {product} {command line}
     intx CICompilerCount                          = 4                                         {product} {ergonomic}
    uintx GCTimeRatio                              = 4                                         {product} {command line}
     bool HeapDumpOnOutOfMemoryError               = true                                   {manageable} {command line}
    ccstr HeapDumpPath                             = c:\Users\HaimP\AppData\Roaming\Code\User\workspaceStorage\995d124ea6cb87d576d317e599458698\redhat.java         {manageable} {command line}
   size_t InitialHeapSize                          = 104857600                                 {product} {command line}
   size_t MaxHeapSize                              = 2147483648                                {product} {command line}
   size_t MaxNewSize                               = 715653120                                 {product} {ergonomic}
   size_t MinHeapDeltaBytes                        = 524288                                    {product} {ergonomic}
   size_t MinHeapSize                              = 104857600                                 {product} {command line}
   size_t NewSize                                  = 34603008                                  {product} {ergonomic}
    uintx NonNMethodCodeHeapSize                   = 5839372                                {pd product} {ergonomic}
    uintx NonProfiledCodeHeapSize                  = 122909434                              {pd product} {ergonomic}
   size_t OldSize                                  = 70254592                                  {product} {ergonomic}
    uintx ProfiledCodeHeapSize                     = 122909434                              {pd product} {ergonomic}
    uintx ReservedCodeCacheSize                    = 251658240                              {pd product} {ergonomic}
     bool SegmentedCodeCache                       = true                                      {product} {ergonomic}
   size_t SoftMaxHeapSize                          = 2147483648                             {manageable} {ergonomic}
     bool UseCompressedOops                        = true                           {product lp64_product} {ergonomic}
     bool UseLargePagesIndividualAllocation        = false                                  {pd product} {ergonomic}
     bool UseParallelGC                            = true                                      {product} {command line}

Logging:
Log output configuration:
 #0: stdout all=off uptime,level,tags foldmultilines=false
 #1: stderr all=off uptime,level,tags foldmultilines=false

Release file:
JAVA_VERSION="21.0.9" 
MODULES="java.base java.compiler java.datatransfer java.xml java.prefs java.desktop java.instrument java.logging java.management java.security.sasl java.naming java.rmi java.management.rmi java.net.http java.scripting java.security.jgss java.transaction.xa java.sql java.sql.rowset java.xml.crypto java.se java.smartcardio jdk.accessibility jdk.internal.jvmstat jdk.attach jdk.charsets jdk.internal.opt jdk.zipfs jdk.compiler jdk.crypto.ec jdk.crypto.cryptoki jdk.crypto.mscapi jdk.dynalink jdk.internal.ed jdk.editpad jdk.hotspot.agent jdk.httpserver jdk.internal.le jdk.internal.vm.ci jdk.internal.vm.compiler jdk.internal.vm.compiler.management jdk.jartool jdk.javadoc jdk.jcmd jdk.management jdk.management.agent jdk.jconsole jdk.jdeps jdk.jdwp.agent jdk.jdi jdk.jfr jdk.jshell jdk.jsobject jdk.jstatd jdk.localedata jdk.management.jfr jdk.naming.dns jdk.naming.rmi jdk.net jdk.nio.mapmode jdk.random jdk.sctp jdk.security.auth jdk.security.jgss jdk.unsupported jdk.unsupported.desktop jdk.xml.dom" 

Environment Variables:
JAVA_HOME=C:\Program Files\Java\jdk-23
PATH=C:\app\HaimP\product\21c\dbhomeXE\bin;C:\Program Files\Common Files\Oracle\Java\javapath;C:\Python312\Scripts\;C:\Python312\;C:\WINDOWS\system32;C:\WINDOWS;C:\WINDOWS\System32\Wbem;C:\WINDOWS\System32\WindowsPowerShell\v1.0\;C:\WINDOWS\System32\OpenSSH\;C:\ProgramData\chocolatey\bin;C:\Program Files\dotnet\;C:\Program Files\Git\cmd;C:\Program Files\NVIDIA Corporation\NVIDIA App\NvDLISR;C:\Program Files (x86)\NVIDIA Corporation\PhysX\Common;C:\Program Files\Docker\Docker\resources\bin;C:\Program Files\nodejs\;C:\Users\HaimP\AppData\Local\Microsoft\WindowsApps;C:\Users\HaimP\AppData\Local\Programs\Microsoft VS Code\bin;C:\flutter\bin;C:\Program Files\Java\jdk-23\bin;C:\Program Files\apache-maven-3.9.9\bin;C:\Users\HaimP\AppData\Local\Android\Sdk\platform-tools;C:\Users\HaimP\AppData\Roaming\npm
USERNAME=HaimP
OS=Windows_NT
PROCESSOR_IDENTIFIER=Intel64 Family 6 Model 158 Stepping 13, GenuineIntel
TMP=C:\Users\HaimP\AppData\Local\Temp
TEMP=C:\Users\HaimP\AppData\Local\Temp




Periodic native trim disabled

---------------  S Y S T E M  ---------------

OS:
 Windows 11 , 64 bit Build 26100 (10.0.26100.7705)
OS uptime: 1 days 5:46 hours
Hyper-V role detected

CPU: total 8 (initial active 8) (4 cores per cpu, 2 threads per core) family 6 model 158 stepping 13 microcode 0xde, cx8, cmov, fxsr, ht, mmx, 3dnowpref, sse, sse2, sse3, ssse3, sse4.1, sse4.2, popcnt, lzcnt, tsc, tscinvbit, avx, avx2, aes, erms, clmul, bmi1, bmi2, adx, fma, vzeroupper, clflush, clflushopt, hv, rdtscp, f16c
Processor Information for the first 8 processors :
  Max Mhz: 2400, Current Mhz: 2400, Mhz Limit: 2400

Memory: 4k page, system-wide physical 8043M (1069M free)
TotalPageFile size 32619M (AvailPageFile size 28M)
current process WorkingSet (physical memory assigned to process): 283M, peak: 313M
current process commit charge ("private bytes"): 397M, peak: 422M

vm_info: OpenJDK 64-Bit Server VM (21.0.9+10-LTS) for windows-amd64 JRE (21.0.9+10-LTS), built on 2025-10-21T00:00:00Z by "admin" with unknown MS VC++:1942

END.
