#
# There is insufficient memory for the Java Runtime Environment to continue.
# Native memory allocation (malloc) failed to allocate 1115504 bytes. Error detail: Chunk::new
# Possible reasons:
#   The system is out of physical RAM or swap space
#   This process is running with CompressedOops enabled, and the Java Heap may be blocking the growth of the native heap
# Possible solutions:
#   Reduce memory load on the system
#   Increase physical memory or swap space
#   Check if swap backing store is full
#   Decrease Java heap size (-Xmx/-Xms)
#   Decrease number of Java threads
#   Decrease Java thread stack sizes (-Xss)
#   Set larger code cache with -XX:ReservedCodeCacheSize=
#   JVM is running with Unscaled Compressed Oops mode in which the Java heap is
#     placed in the first 4GB address space. The Java Heap base address is the
#     maximum limit for the native heap growth. Please use -XX:HeapBaseMinAddress
#     to set the Java Heap base and to place the Java Heap above 4GB virtual address.
# This output file may be truncated or incomplete.
#
#  Out of Memory Error (arena.cpp:168), pid=37644, tid=28216
#
# JRE version: OpenJDK Runtime Environment Temurin-21.0.9+10 (21.0.9+10) (build 21.0.9+10-LTS)
# Java VM: OpenJDK 64-Bit Server VM Temurin-21.0.9+10 (21.0.9+10-LTS, mixed mode, sharing, tiered, compressed oops, compressed class ptrs, parallel gc, windows-amd64)
# No core dump will be written. Minidumps are not enabled by default on client versions of Windows
#

---------------  S U M M A R Y ------------

Command Line: --add-modules=ALL-SYSTEM --add-opens=java.base/java.util=ALL-UNNAMED --add-opens=java.base/java.lang=ALL-UNNAMED --add-opens=java.base/sun.nio.fs=ALL-UNNAMED -Declipse.application=org.eclipse.jdt.ls.core.id1 -Dosgi.bundles.defaultStartLevel=4 -Declipse.product=org.eclipse.jdt.ls.core.product -Djava.import.generatesMetadataFilesAtProjectRoot=false -DDetectVMInstallationsJob.disabled=true -Dfile.encoding=utf8 -XX:+UseParallelGC -XX:GCTimeRatio=4 -XX:AdaptiveSizePolicyWeight=90 -Dsun.zip.disableMemoryMapping=true -Xmx2G -Xms100m -Xlog:disable -javaagent:c:\Users\HaimP\.vscode\extensions\redhat.java-1.52.0-win32-x64\lombok\lombok-1.18.39-4050.jar c:\Users\HaimP\.vscode\extensions\redhat.java-1.52.0-win32-x64\server\plugins\org.eclipse.equinox.launcher_1.7.100.v20251111-0406.jar -configuration c:\Users\HaimP\AppData\Roaming\Code\User\globalStorage\redhat.java\1.52.0\config_ss_win -data c:\Users\HaimP\AppData\Roaming\Code\User\workspaceStorage\995d124ea6cb87d576d317e599458698\redhat.java\ss_ws --pipe=\\.\pipe\lsp-82d30b685c78a72328f73a3f6fca50ac-sock

Host: Intel(R) Core(TM) i5-9300H CPU @ 2.40GHz, 8 cores, 7G,  Windows 11 , 64 bit Build 26100 (10.0.26100.7705)
Time: Tue Feb 17 22:21:13 2026 Hora verano Sudamérica Pacífico elapsed time: 22.233978 seconds (0d 0h 0m 22s)

---------------  T H R E A D  ---------------

Current thread (0x0000020c5232d460):  JavaThread "C2 CompilerThread0" daemon [_thread_in_native, id=28216, stack(0x00000091dd800000,0x00000091dd900000) (1024K)]


Current CompileTask:
C2:22234 4647       4       org.eclipse.osgi.internal.loader.BundleLoader::addExportedProvidersFor (167 bytes)

Stack: [0x00000091dd800000,0x00000091dd900000]
Native frames: (J=compiled Java code, j=interpreted, Vv=VM code, C=native code)
V  [jvm.dll+0x6d6e29]
V  [jvm.dll+0x8b4b76]
V  [jvm.dll+0x8b712e]
V  [jvm.dll+0x8b7813]
V  [jvm.dll+0x283d86]
V  [jvm.dll+0xc66ed]
V  [jvm.dll+0xc6c31]
V  [jvm.dll+0x3be53b]
V  [jvm.dll+0x1e3b52]
V  [jvm.dll+0x24c0f3]
V  [jvm.dll+0x24b580]
V  [jvm.dll+0x1cb13e]
V  [jvm.dll+0x25b29d]
V  [jvm.dll+0x25982a]
V  [jvm.dll+0x3f7ea6]
V  [jvm.dll+0x85e9ad]
V  [jvm.dll+0x6d565d]
C  [ucrtbase.dll+0x37b0]
C  [KERNEL32.DLL+0x2e8d7]
C  [ntdll.dll+0x8c40c]


---------------  P R O C E S S  ---------------

Threads class SMR info:
_java_thread_list=0x0000020c9c37d510, length=33, elements={
0x0000020c3b89e4f0, 0x0000020c523083d0, 0x0000020c3b94e750, 0x0000020c52317060,
0x0000020c523196d0, 0x0000020c5231aaf0, 0x0000020c5231efc0, 0x0000020c5232d460,
0x0000020c5232dbb0, 0x0000020c992078a0, 0x0000020c99291c50, 0x0000020c999c3930,
0x0000020c99903b60, 0x0000020c999041c0, 0x0000020c99b26a70, 0x0000020c99db05d0,
0x0000020c99e14280, 0x0000020c99eb7cd0, 0x0000020c9a265490, 0x0000020c9a2626a0,
0x0000020c9a2640e0, 0x0000020c9a262010, 0x0000020c9a262d30, 0x0000020c9a2633c0,
0x0000020c9a263a50, 0x0000020c9a264770, 0x0000020c9a264e00, 0x0000020c9a2d0050,
0x0000020c9a2d06e0, 0x0000020c9a2d1a90, 0x0000020c9a2d1400, 0x0000020c9a2cf330,
0x0000020c9b306ab0
}

Java Threads: ( => current thread )
  0x0000020c3b89e4f0 JavaThread "main"                              [_thread_blocked, id=22756, stack(0x00000091dce00000,0x00000091dcf00000) (1024K)]
  0x0000020c523083d0 JavaThread "Reference Handler"          daemon [_thread_blocked, id=37576, stack(0x00000091dd200000,0x00000091dd300000) (1024K)]
  0x0000020c3b94e750 JavaThread "Finalizer"                  daemon [_thread_blocked, id=11656, stack(0x00000091dd300000,0x00000091dd400000) (1024K)]
  0x0000020c52317060 JavaThread "Signal Dispatcher"          daemon [_thread_blocked, id=30804, stack(0x00000091dd400000,0x00000091dd500000) (1024K)]
  0x0000020c523196d0 JavaThread "Attach Listener"            daemon [_thread_blocked, id=28268, stack(0x00000091dd500000,0x00000091dd600000) (1024K)]
  0x0000020c5231aaf0 JavaThread "Service Thread"             daemon [_thread_blocked, id=36840, stack(0x00000091dd600000,0x00000091dd700000) (1024K)]
  0x0000020c5231efc0 JavaThread "Monitor Deflation Thread"   daemon [_thread_blocked, id=23120, stack(0x00000091dd700000,0x00000091dd800000) (1024K)]
=>0x0000020c5232d460 JavaThread "C2 CompilerThread0"         daemon [_thread_in_native, id=28216, stack(0x00000091dd800000,0x00000091dd900000) (1024K)]
  0x0000020c5232dbb0 JavaThread "C1 CompilerThread0"         daemon [_thread_blocked, id=37268, stack(0x00000091dd900000,0x00000091dda00000) (1024K)]
  0x0000020c992078a0 JavaThread "Common-Cleaner"             daemon [_thread_blocked, id=32268, stack(0x00000091dda00000,0x00000091ddb00000) (1024K)]
  0x0000020c99291c50 JavaThread "Notification Thread"        daemon [_thread_blocked, id=26420, stack(0x00000091ddb00000,0x00000091ddc00000) (1024K)]
  0x0000020c999c3930 JavaThread "Active Thread: Equinox Container: 6c5b6fc2-c30a-4a35-8604-b3a936178e31"        [_thread_blocked, id=4384, stack(0x00000091de300000,0x00000091de400000) (1024K)]
  0x0000020c99903b60 JavaThread "Framework Event Dispatcher: Equinox Container: 6c5b6fc2-c30a-4a35-8604-b3a936178e31" daemon [_thread_blocked, id=25688, stack(0x00000091de400000,0x00000091de500000) (1024K)]
  0x0000020c999041c0 JavaThread "Start Level: Equinox Container: 6c5b6fc2-c30a-4a35-8604-b3a936178e31" daemon [_thread_blocked, id=18996, stack(0x00000091de500000,0x00000091de600000) (1024K)]
  0x0000020c99b26a70 JavaThread "SCR Component Actor"        daemon [_thread_blocked, id=34996, stack(0x00000091de700000,0x00000091de800000) (1024K)]
  0x0000020c99db05d0 JavaThread "Worker-JM"                         [_thread_blocked, id=35312, stack(0x00000091de800000,0x00000091de900000) (1024K)]
  0x0000020c99e14280 JavaThread "Worker-0: Building"                [_thread_in_vm, id=37664, stack(0x00000091de900000,0x00000091dea00000) (1024K)]
  0x0000020c99eb7cd0 JavaThread "Worker-1"                          [_thread_blocked, id=25212, stack(0x00000091dea00000,0x00000091deb00000) (1024K)]
  0x0000020c9a265490 JavaThread "JNA Cleaner"                daemon [_thread_blocked, id=12600, stack(0x00000091deb00000,0x00000091dec00000) (1024K)]
  0x0000020c9a2626a0 JavaThread "Thread-1"                   daemon [_thread_in_native, id=35384, stack(0x00000091dee00000,0x00000091def00000) (1024K)]
  0x0000020c9a2640e0 JavaThread "Thread-2"                   daemon [_thread_in_native, id=9288, stack(0x00000091def00000,0x00000091df000000) (1024K)]
  0x0000020c9a262010 JavaThread "Thread-3"                   daemon [_thread_in_native, id=30936, stack(0x00000091df000000,0x00000091df100000) (1024K)]
  0x0000020c9a262d30 JavaThread "Thread-4"                   daemon [_thread_in_native, id=2180, stack(0x00000091df100000,0x00000091df200000) (1024K)]
  0x0000020c9a2633c0 JavaThread "Thread-5"                   daemon [_thread_in_native, id=28904, stack(0x00000091df200000,0x00000091df300000) (1024K)]
  0x0000020c9a263a50 JavaThread "Thread-6"                   daemon [_thread_in_native, id=33220, stack(0x00000091df300000,0x00000091df400000) (1024K)]
  0x0000020c9a264770 JavaThread "Thread-7"                   daemon [_thread_in_native, id=28656, stack(0x00000091df400000,0x00000091df500000) (1024K)]
  0x0000020c9a264e00 JavaThread "Thread-8"                   daemon [_thread_in_native, id=7924, stack(0x00000091df500000,0x00000091df600000) (1024K)]
  0x0000020c9a2d0050 JavaThread "Thread-9"                   daemon [_thread_in_native, id=28188, stack(0x00000091df600000,0x00000091df700000) (1024K)]
  0x0000020c9a2d06e0 JavaThread "pool-2-thread-1"                   [_thread_blocked, id=22768, stack(0x00000091df700000,0x00000091df800000) (1024K)]
  0x0000020c9a2d1a90 JavaThread "WorkspaceEventsHandler"            [_thread_blocked, id=26956, stack(0x00000091df800000,0x00000091df900000) (1024K)]
  0x0000020c9a2d1400 JavaThread "pool-1-thread-1"                   [_thread_blocked, id=8664, stack(0x00000091df900000,0x00000091dfa00000) (1024K)]
  0x0000020c9a2cf330 JavaThread "Worker-2"                          [_thread_blocked, id=31492, stack(0x00000091ddc00000,0x00000091ddd00000) (1024K)]
  0x0000020c9b306ab0 JavaThread "C2 CompilerThread1"         daemon [_thread_blocked, id=3124, stack(0x00000091dfa00000,0x00000091dfb00000) (1024K)]
Total: 33

Other Threads:
  0x0000020c3b9341c0 VMThread "VM Thread"                           [id=12240, stack(0x00000091dd100000,0x00000091dd200000) (1024K)]
  0x0000020c5221ca00 WatcherThread "VM Periodic Task Thread"        [id=20908, stack(0x00000091dd000000,0x00000091dd100000) (1024K)]
  0x0000020c3b8b4d70 WorkerThread "GC Thread#0"                     [id=11776, stack(0x00000091dcf00000,0x00000091dd000000) (1024K)]
  0x0000020c99a86570 WorkerThread "GC Thread#1"                     [id=12236, stack(0x00000091ddd00000,0x00000091dde00000) (1024K)]
  0x0000020c99a86910 WorkerThread "GC Thread#2"                     [id=7624, stack(0x00000091dde00000,0x00000091ddf00000) (1024K)]
  0x0000020c997824c0 WorkerThread "GC Thread#3"                     [id=37064, stack(0x00000091ddf00000,0x00000091de000000) (1024K)]
  0x0000020c99897180 WorkerThread "GC Thread#4"                     [id=20344, stack(0x00000091de000000,0x00000091de100000) (1024K)]
  0x0000020c99782860 WorkerThread "GC Thread#5"                     [id=36800, stack(0x00000091de100000,0x00000091de200000) (1024K)]
  0x0000020c99782c00 WorkerThread "GC Thread#6"                     [id=34660, stack(0x00000091de200000,0x00000091de300000) (1024K)]
  0x0000020c999a1160 WorkerThread "GC Thread#7"                     [id=37480, stack(0x00000091de600000,0x00000091de700000) (1024K)]
Total: 10

Threads with active compile tasks:
C2 CompilerThread0  22282 4647       4       org.eclipse.osgi.internal.loader.BundleLoader::addExportedProvidersFor (167 bytes)
Total: 1

VM state: not at safepoint (normal execution)

VM Mutex/Monitor currently owned by a thread: None

Heap address: 0x0000000080000000, size: 2048 MB, Compressed Oops mode: 32-bit

CDS archive(s) mapped at: [0x0000020c53000000-0x0000020c53ba0000-0x0000020c53ba0000), size 12189696, SharedBaseAddress: 0x0000020c53000000, ArchiveRelocationMode: 1.
Compressed class space mapped at: 0x0000020c54000000-0x0000020c94000000, reserved size: 1073741824
Narrow klass base: 0x0000020c53000000, Narrow klass shift: 0, Narrow klass range: 0x100000000

GC Precious Log:
 CardTable entry size: 512
 CPUs: 8 total, 8 available
 Memory: 8043M
 Large Page Support: Disabled
 NUMA Support: Disabled
 Compressed Oops: Enabled (32-bit)
 Alignments: Space 512K, Generation 512K, Heap 2M
 Heap Min Capacity: 100M
 Heap Initial Capacity: 100M
 Heap Max Capacity: 2G
 Pre-touch: Disabled
 Parallel Workers: 8

Heap:
 PSYoungGen      total 23040K, used 1136K [0x00000000d5580000, 0x00000000d6e00000, 0x0000000100000000)
  eden space 22016K, 2% used [0x00000000d5580000,0x00000000d55f5bd8,0x00000000d6b00000)
  from space 1024K, 64% used [0x00000000d6d00000,0x00000000d6da6470,0x00000000d6e00000)
  to   space 1024K, 0% used [0x00000000d6c00000,0x00000000d6c00000,0x00000000d6d00000)
 ParOldGen       total 68608K, used 27970K [0x0000000080000000, 0x0000000084300000, 0x00000000d5580000)
  object space 68608K, 40% used [0x0000000080000000,0x0000000081b50b48,0x0000000084300000)
 Metaspace       used 37134K, committed 38144K, reserved 1114112K
  class space    used 3799K, committed 4224K, reserved 1048576K

Card table byte_map: [0x0000020c3b260000,0x0000020c3b670000] _byte_map_base: 0x0000020c3ae60000

Marking Bits: (ParMarkBitMap*) 0x00007fff55fb2460
 Begin Bits: [0x0000020c4dd40000, 0x0000020c4fd40000)
 End Bits:   [0x0000020c4fd40000, 0x0000020c51d40000)

Polling page: 0x0000020c3b050000

Metaspace:

Usage:
  Non-class:     32.55 MB used.
      Class:      3.71 MB used.
       Both:     36.26 MB used.

Virtual space:
  Non-class space:       64.00 MB reserved,      33.12 MB ( 52%) committed,  1 nodes.
      Class space:        1.00 GB reserved,       4.12 MB ( <1%) committed,  1 nodes.
             Both:        1.06 GB reserved,      37.25 MB (  3%) committed. 

Chunk freelists:
   Non-Class:  13.95 MB
       Class:  11.89 MB
        Both:  25.85 MB

MaxMetaspaceSize: unlimited
CompressedClassSpaceSize: 1.00 GB
Initial GC threshold: 21.00 MB
Current GC threshold: 58.38 MB
CDS: on
 - commit_granule_bytes: 65536.
 - commit_granule_words: 8192.
 - virtual_space_node_default_size: 8388608.
 - enlarge_chunks_in_place: 1.
 - use_allocation_guard: 0.


Internal statistics:

num_allocs_failed_limit: 6.
num_arena_births: 716.
num_arena_deaths: 14.
num_vsnodes_births: 2.
num_vsnodes_deaths: 0.
num_space_committed: 596.
num_space_uncommitted: 0.
num_chunks_returned_to_freelist: 20.
num_chunks_taken_from_freelist: 2200.
num_chunk_merges: 12.
num_chunk_splits: 1425.
num_chunks_enlarged: 933.
num_inconsistent_stats: 0.

CodeHeap 'non-profiled nmethods': size=120000Kb used=2287Kb max_used=2385Kb free=117712Kb
 bounds [0x0000020c46560000, 0x0000020c467d0000, 0x0000020c4da90000]
CodeHeap 'profiled nmethods': size=120000Kb used=8456Kb max_used=8849Kb free=111543Kb
 bounds [0x0000020c3ea90000, 0x0000020c3f390000, 0x0000020c45fc0000]
CodeHeap 'non-nmethods': size=5760Kb used=1383Kb max_used=1408Kb free=4376Kb
 bounds [0x0000020c45fc0000, 0x0000020c46230000, 0x0000020c46560000]
CodeCache: size=245760Kb, used=12126Kb, max_used=12642Kb, free=233631Kb
 total_blobs=5020, nmethods=4334, adapters=592, full_count=0
Compilation: enabled, stopped_count=0, restarted_count=0

Compilation events (20 events):
Event: 21.174 Thread 0x0000020c5232dbb0 4705       1       org.eclipse.core.internal.dtree.NodeComparison::getOldData (5 bytes)
Event: 21.174 Thread 0x0000020c5232dbb0 nmethod 4705 0x0000020c4659aa10 code [0x0000020c4659aba0, 0x0000020c4659ac68]
Event: 21.174 Thread 0x0000020c5232dbb0 4706       1       org.eclipse.core.internal.dtree.NodeComparison::getNewData (5 bytes)
Event: 21.174 Thread 0x0000020c5232dbb0 nmethod 4706 0x0000020c4659a710 code [0x0000020c4659a8a0, 0x0000020c4659a968]
Event: 21.174 Thread 0x0000020c5232dbb0 4707       1       org.eclipse.core.internal.events.ResourceDelta::getFullPath (5 bytes)
Event: 21.174 Thread 0x0000020c5232dbb0 nmethod 4707 0x0000020c4659a410 code [0x0000020c4659a5a0, 0x0000020c4659a668]
Event: 21.179 Thread 0x0000020c5232dbb0 4708       3       org.eclipse.core.internal.events.NodeIDMap::hashFor (13 bytes)
Event: 21.179 Thread 0x0000020c5232dbb0 nmethod 4708 0x0000020c3ec9b090 code [0x0000020c3ec9b240, 0x0000020c3ec9b438]
Event: 21.179 Thread 0x0000020c5232dbb0 4709       3       org.eclipse.core.internal.events.ResourceDelta::getKind (9 bytes)
Event: 21.179 Thread 0x0000020c5232dbb0 nmethod 4709 0x0000020c3ee1bc10 code [0x0000020c3ee1bda0, 0x0000020c3ee1bec0]
Event: 21.179 Thread 0x0000020c5232dbb0 4710       1       org.eclipse.core.internal.events.ResourceDeltaInfo::getNodeIDMap (5 bytes)
Event: 21.179 Thread 0x0000020c5232dbb0 nmethod 4710 0x0000020c4659a090 code [0x0000020c4659a220, 0x0000020c4659a2e8]
Event: 21.179 Thread 0x0000020c5232dbb0 4711       1       org.eclipse.core.internal.events.ResourceDeltaInfo::getMarkerDeltas (5 bytes)
Event: 21.179 Thread 0x0000020c5232dbb0 nmethod 4711 0x0000020c465cbb90 code [0x0000020c465cbd20, 0x0000020c465cbde8]
Event: 21.187 Thread 0x0000020c5232dbb0 4712       3       org.eclipse.core.internal.resources.Project::isOpen (17 bytes)
Event: 21.187 Thread 0x0000020c5232dbb0 nmethod 4712 0x0000020c3edc7010 code [0x0000020c3edc71e0, 0x0000020c3edc7800]
Event: 21.189 Thread 0x0000020c5232dbb0 4713       3       org.eclipse.core.internal.resources.Resource::checkExists (38 bytes)
Event: 21.190 Thread 0x0000020c5232dbb0 nmethod 4713 0x0000020c3eecbc90 code [0x0000020c3eecbea0, 0x0000020c3eecc518]
Event: 21.190 Thread 0x0000020c5232dbb0 4714       3       org.eclipse.core.internal.resources.Resource::checkAccessible (7 bytes)
Event: 21.190 Thread 0x0000020c5232dbb0 nmethod 4714 0x0000020c3edf0190 code [0x0000020c3edf0340, 0x0000020c3edf0508]

GC Heap History (20 events):
Event: 18.404 GC heap before
{Heap before GC invocations=10 (full 1):
 PSYoungGen      total 27648K, used 27640K [0x00000000d5580000, 0x00000000d7500000, 0x0000000100000000)
  eden space 24064K, 100% used [0x00000000d5580000,0x00000000d6d00000,0x00000000d6d00000)
  from space 3584K, 99% used [0x00000000d7100000,0x00000000d747e000,0x00000000d7480000)
  to   space 4096K, 0% used [0x00000000d6d00000,0x00000000d6d00000,0x00000000d7100000)
 ParOldGen       total 68608K, used 10252K [0x0000000080000000, 0x0000000084300000, 0x00000000d5580000)
  object space 68608K, 14% used [0x0000000080000000,0x0000000080a03078,0x0000000084300000)
 Metaspace       used 31536K, committed 32512K, reserved 1114112K
  class space    used 3166K, committed 3584K, reserved 1048576K
}
Event: 18.408 GC heap after
{Heap after GC invocations=10 (full 1):
 PSYoungGen      total 27648K, used 4083K [0x00000000d5580000, 0x00000000d7780000, 0x0000000100000000)
  eden space 23552K, 0% used [0x00000000d5580000,0x00000000d5580000,0x00000000d6c80000)
  from space 4096K, 99% used [0x00000000d6d00000,0x00000000d70fcd60,0x00000000d7100000)
  to   space 5632K, 0% used [0x00000000d7200000,0x00000000d7200000,0x00000000d7780000)
 ParOldGen       total 68608K, used 11172K [0x0000000080000000, 0x0000000084300000, 0x00000000d5580000)
  object space 68608K, 16% used [0x0000000080000000,0x0000000080ae90b8,0x0000000084300000)
 Metaspace       used 31536K, committed 32512K, reserved 1114112K
  class space    used 3166K, committed 3584K, reserved 1048576K
}
Event: 18.826 GC heap before
{Heap before GC invocations=11 (full 1):
 PSYoungGen      total 27648K, used 27635K [0x00000000d5580000, 0x00000000d7780000, 0x0000000100000000)
  eden space 23552K, 100% used [0x00000000d5580000,0x00000000d6c80000,0x00000000d6c80000)
  from space 4096K, 99% used [0x00000000d6d00000,0x00000000d70fcd60,0x00000000d7100000)
  to   space 5632K, 0% used [0x00000000d7200000,0x00000000d7200000,0x00000000d7780000)
 ParOldGen       total 68608K, used 11172K [0x0000000080000000, 0x0000000084300000, 0x00000000d5580000)
  object space 68608K, 16% used [0x0000000080000000,0x0000000080ae90b8,0x0000000084300000)
 Metaspace       used 31780K, committed 32768K, reserved 1114112K
  class space    used 3194K, committed 3648K, reserved 1048576K
}
Event: 18.832 GC heap after
{Heap after GC invocations=11 (full 1):
 PSYoungGen      total 26624K, used 3343K [0x00000000d5580000, 0x00000000d7580000, 0x0000000100000000)
  eden space 23040K, 0% used [0x00000000d5580000,0x00000000d5580000,0x00000000d6c00000)
  from space 3584K, 93% used [0x00000000d7200000,0x00000000d7543ca0,0x00000000d7580000)
  to   space 4096K, 0% used [0x00000000d6d80000,0x00000000d6d80000,0x00000000d7180000)
 ParOldGen       total 68608K, used 14051K [0x0000000080000000, 0x0000000084300000, 0x00000000d5580000)
  object space 68608K, 20% used [0x0000000080000000,0x0000000080db8ff0,0x0000000084300000)
 Metaspace       used 31780K, committed 32768K, reserved 1114112K
  class space    used 3194K, committed 3648K, reserved 1048576K
}
Event: 19.040 GC heap before
{Heap before GC invocations=12 (full 1):
 PSYoungGen      total 26624K, used 26327K [0x00000000d5580000, 0x00000000d7580000, 0x0000000100000000)
  eden space 23040K, 99% used [0x00000000d5580000,0x00000000d6bf1f78,0x00000000d6c00000)
  from space 3584K, 93% used [0x00000000d7200000,0x00000000d7543ca0,0x00000000d7580000)
  to   space 4096K, 0% used [0x00000000d6d80000,0x00000000d6d80000,0x00000000d7180000)
 ParOldGen       total 68608K, used 14051K [0x0000000080000000, 0x0000000084300000, 0x00000000d5580000)
  object space 68608K, 20% used [0x0000000080000000,0x0000000080db8ff0,0x0000000084300000)
 Metaspace       used 32150K, committed 33152K, reserved 1114112K
  class space    used 3251K, committed 3712K, reserved 1048576K
}
Event: 19.046 GC heap after
{Heap after GC invocations=12 (full 1):
 PSYoungGen      total 25088K, used 2434K [0x00000000d5580000, 0x00000000d7280000, 0x0000000100000000)
  eden space 22528K, 0% used [0x00000000d5580000,0x00000000d5580000,0x00000000d6b80000)
  from space 2560K, 95% used [0x00000000d6d80000,0x00000000d6fe0810,0x00000000d7000000)
  to   space 2560K, 0% used [0x00000000d7000000,0x00000000d7000000,0x00000000d7280000)
 ParOldGen       total 68608K, used 17205K [0x0000000080000000, 0x0000000084300000, 0x00000000d5580000)
  object space 68608K, 25% used [0x0000000080000000,0x00000000810cd488,0x0000000084300000)
 Metaspace       used 32150K, committed 33152K, reserved 1114112K
  class space    used 3251K, committed 3712K, reserved 1048576K
}
Event: 19.124 GC heap before
{Heap before GC invocations=13 (full 1):
 PSYoungGen      total 25088K, used 24962K [0x00000000d5580000, 0x00000000d7280000, 0x0000000100000000)
  eden space 22528K, 100% used [0x00000000d5580000,0x00000000d6b80000,0x00000000d6b80000)
  from space 2560K, 95% used [0x00000000d6d80000,0x00000000d6fe0810,0x00000000d7000000)
  to   space 2560K, 0% used [0x00000000d7000000,0x00000000d7000000,0x00000000d7280000)
 ParOldGen       total 68608K, used 17205K [0x0000000080000000, 0x0000000084300000, 0x00000000d5580000)
  object space 68608K, 25% used [0x0000000080000000,0x00000000810cd488,0x0000000084300000)
 Metaspace       used 32170K, committed 33152K, reserved 1114112K
  class space    used 3251K, committed 3712K, reserved 1048576K
}
Event: 19.129 GC heap after
{Heap after GC invocations=13 (full 1):
 PSYoungGen      total 24576K, used 2368K [0x00000000d5580000, 0x00000000d7280000, 0x0000000100000000)
  eden space 22016K, 0% used [0x00000000d5580000,0x00000000d5580000,0x00000000d6b00000)
  from space 2560K, 92% used [0x00000000d7000000,0x00000000d7250010,0x00000000d7280000)
  to   space 2560K, 0% used [0x00000000d6d80000,0x00000000d6d80000,0x00000000d7000000)
 ParOldGen       total 68608K, used 19435K [0x0000000080000000, 0x0000000084300000, 0x00000000d5580000)
  object space 68608K, 28% used [0x0000000080000000,0x00000000812fadc8,0x0000000084300000)
 Metaspace       used 32170K, committed 33152K, reserved 1114112K
  class space    used 3251K, committed 3712K, reserved 1048576K
}
Event: 19.178 GC heap before
{Heap before GC invocations=14 (full 1):
 PSYoungGen      total 24576K, used 24384K [0x00000000d5580000, 0x00000000d7280000, 0x0000000100000000)
  eden space 22016K, 100% used [0x00000000d5580000,0x00000000d6b00000,0x00000000d6b00000)
  from space 2560K, 92% used [0x00000000d7000000,0x00000000d7250010,0x00000000d7280000)
  to   space 2560K, 0% used [0x00000000d6d80000,0x00000000d6d80000,0x00000000d7000000)
 ParOldGen       total 68608K, used 19435K [0x0000000080000000, 0x0000000084300000, 0x00000000d5580000)
  object space 68608K, 28% used [0x0000000080000000,0x00000000812fadc8,0x0000000084300000)
 Metaspace       used 32172K, committed 33152K, reserved 1114112K
  class space    used 3251K, committed 3712K, reserved 1048576K
}
Event: 19.182 GC heap after
{Heap after GC invocations=14 (full 1):
 PSYoungGen      total 24064K, used 1956K [0x00000000d5580000, 0x00000000d7080000, 0x0000000100000000)
  eden space 22016K, 0% used [0x00000000d5580000,0x00000000d5580000,0x00000000d6b00000)
  from space 2048K, 95% used [0x00000000d6d80000,0x00000000d6f69000,0x00000000d6f80000)
  to   space 1024K, 0% used [0x00000000d6f80000,0x00000000d6f80000,0x00000000d7080000)
 ParOldGen       total 68608K, used 21657K [0x0000000080000000, 0x0000000084300000, 0x00000000d5580000)
  object space 68608K, 31% used [0x0000000080000000,0x0000000081526788,0x0000000084300000)
 Metaspace       used 32172K, committed 33152K, reserved 1114112K
  class space    used 3251K, committed 3712K, reserved 1048576K
}
Event: 19.250 GC heap before
{Heap before GC invocations=15 (full 1):
 PSYoungGen      total 24064K, used 23972K [0x00000000d5580000, 0x00000000d7080000, 0x0000000100000000)
  eden space 22016K, 100% used [0x00000000d5580000,0x00000000d6b00000,0x00000000d6b00000)
  from space 2048K, 95% used [0x00000000d6d80000,0x00000000d6f69000,0x00000000d6f80000)
  to   space 1024K, 0% used [0x00000000d6f80000,0x00000000d6f80000,0x00000000d7080000)
 ParOldGen       total 68608K, used 21657K [0x0000000080000000, 0x0000000084300000, 0x00000000d5580000)
  object space 68608K, 31% used [0x0000000080000000,0x0000000081526788,0x0000000084300000)
 Metaspace       used 32208K, committed 33216K, reserved 1114112K
  class space    used 3253K, committed 3712K, reserved 1048576K
}
Event: 19.254 GC heap after
{Heap after GC invocations=15 (full 1):
 PSYoungGen      total 23040K, used 1024K [0x00000000d5580000, 0x00000000d7400000, 0x0000000100000000)
  eden space 22016K, 0% used [0x00000000d5580000,0x00000000d5580000,0x00000000d6b00000)
  from space 1024K, 100% used [0x00000000d6f80000,0x00000000d7080000,0x00000000d7080000)
  to   space 4608K, 0% used [0x00000000d6b00000,0x00000000d6b00000,0x00000000d6f80000)
 ParOldGen       total 68608K, used 24623K [0x0000000080000000, 0x0000000084300000, 0x00000000d5580000)
  object space 68608K, 35% used [0x0000000080000000,0x000000008180be10,0x0000000084300000)
 Metaspace       used 32208K, committed 33216K, reserved 1114112K
  class space    used 3253K, committed 3712K, reserved 1048576K
}
Event: 19.329 GC heap before
{Heap before GC invocations=16 (full 1):
 PSYoungGen      total 23040K, used 23040K [0x00000000d5580000, 0x00000000d7400000, 0x0000000100000000)
  eden space 22016K, 100% used [0x00000000d5580000,0x00000000d6b00000,0x00000000d6b00000)
  from space 1024K, 100% used [0x00000000d6f80000,0x00000000d7080000,0x00000000d7080000)
  to   space 4608K, 0% used [0x00000000d6b00000,0x00000000d6b00000,0x00000000d6f80000)
 ParOldGen       total 68608K, used 24623K [0x0000000080000000, 0x0000000084300000, 0x00000000d5580000)
  object space 68608K, 35% used [0x0000000080000000,0x000000008180be10,0x0000000084300000)
 Metaspace       used 32242K, committed 33216K, reserved 1114112K
  class space    used 3253K, committed 3712K, reserved 1048576K
}
Event: 19.332 GC heap after
{Heap after GC invocations=16 (full 1):
 PSYoungGen      total 24064K, used 1912K [0x00000000d5580000, 0x00000000d7100000, 0x0000000100000000)
  eden space 22016K, 0% used [0x00000000d5580000,0x00000000d5580000,0x00000000d6b00000)
  from space 2048K, 93% used [0x00000000d6b00000,0x00000000d6cde200,0x00000000d6d00000)
  to   space 3072K, 0% used [0x00000000d6e00000,0x00000000d6e00000,0x00000000d7100000)
 ParOldGen       total 68608K, used 25679K [0x0000000080000000, 0x0000000084300000, 0x00000000d5580000)
  object space 68608K, 37% used [0x0000000080000000,0x0000000081913e10,0x0000000084300000)
 Metaspace       used 32242K, committed 33216K, reserved 1114112K
  class space    used 3253K, committed 3712K, reserved 1048576K
}
Event: 19.660 GC heap before
{Heap before GC invocations=17 (full 1):
 PSYoungGen      total 24064K, used 23928K [0x00000000d5580000, 0x00000000d7100000, 0x0000000100000000)
  eden space 22016K, 100% used [0x00000000d5580000,0x00000000d6b00000,0x00000000d6b00000)
  from space 2048K, 93% used [0x00000000d6b00000,0x00000000d6cde200,0x00000000d6d00000)
  to   space 3072K, 0% used [0x00000000d6e00000,0x00000000d6e00000,0x00000000d7100000)
 ParOldGen       total 68608K, used 25679K [0x0000000080000000, 0x0000000084300000, 0x00000000d5580000)
  object space 68608K, 37% used [0x0000000080000000,0x0000000081913e10,0x0000000084300000)
 Metaspace       used 34098K, committed 35072K, reserved 1114112K
  class space    used 3493K, committed 3904K, reserved 1048576K
}
Event: 19.664 GC heap after
{Heap after GC invocations=17 (full 1):
 PSYoungGen      total 24576K, used 2149K [0x00000000d5580000, 0x00000000d7080000, 0x0000000100000000)
  eden space 22016K, 0% used [0x00000000d5580000,0x00000000d5580000,0x00000000d6b00000)
  from space 2560K, 83% used [0x00000000d6e00000,0x00000000d70197f8,0x00000000d7080000)
  to   space 2560K, 0% used [0x00000000d6b80000,0x00000000d6b80000,0x00000000d6e00000)
 ParOldGen       total 68608K, used 27504K [0x0000000080000000, 0x0000000084300000, 0x00000000d5580000)
  object space 68608K, 40% used [0x0000000080000000,0x0000000081adc010,0x0000000084300000)
 Metaspace       used 34098K, committed 35072K, reserved 1114112K
  class space    used 3493K, committed 3904K, reserved 1048576K
}
Event: 20.016 GC heap before
{Heap before GC invocations=18 (full 1):
 PSYoungGen      total 24576K, used 17323K [0x00000000d5580000, 0x00000000d7080000, 0x0000000100000000)
  eden space 22016K, 68% used [0x00000000d5580000,0x00000000d6451528,0x00000000d6b00000)
  from space 2560K, 83% used [0x00000000d6e00000,0x00000000d70197f8,0x00000000d7080000)
  to   space 2560K, 0% used [0x00000000d6b80000,0x00000000d6b80000,0x00000000d6e00000)
 ParOldGen       total 68608K, used 27504K [0x0000000080000000, 0x0000000084300000, 0x00000000d5580000)
  object space 68608K, 40% used [0x0000000080000000,0x0000000081adc010,0x0000000084300000)
 Metaspace       used 34860K, committed 35840K, reserved 1114112K
  class space    used 3594K, committed 4032K, reserved 1048576K
}
Event: 20.018 GC heap after
{Heap after GC invocations=18 (full 1):
 PSYoungGen      total 22528K, used 384K [0x00000000d5580000, 0x00000000d6e80000, 0x0000000100000000)
  eden space 22016K, 0% used [0x00000000d5580000,0x00000000d5580000,0x00000000d6b00000)
  from space 512K, 75% used [0x00000000d6b80000,0x00000000d6be0010,0x00000000d6c00000)
  to   space 1536K, 0% used [0x00000000d6d00000,0x00000000d6d00000,0x00000000d6e80000)
 ParOldGen       total 68608K, used 29544K [0x0000000080000000, 0x0000000084300000, 0x00000000d5580000)
  object space 68608K, 43% used [0x0000000080000000,0x0000000081cda050,0x0000000084300000)
 Metaspace       used 34860K, committed 35840K, reserved 1114112K
  class space    used 3594K, committed 4032K, reserved 1048576K
}
Event: 20.018 GC heap before
{Heap before GC invocations=19 (full 2):
 PSYoungGen      total 22528K, used 384K [0x00000000d5580000, 0x00000000d6e80000, 0x0000000100000000)
  eden space 22016K, 0% used [0x00000000d5580000,0x00000000d5580000,0x00000000d6b00000)
  from space 512K, 75% used [0x00000000d6b80000,0x00000000d6be0010,0x00000000d6c00000)
  to   space 1536K, 0% used [0x00000000d6d00000,0x00000000d6d00000,0x00000000d6e80000)
 ParOldGen       total 68608K, used 29544K [0x0000000080000000, 0x0000000084300000, 0x00000000d5580000)
  object space 68608K, 43% used [0x0000000080000000,0x0000000081cda050,0x0000000084300000)
 Metaspace       used 34860K, committed 35840K, reserved 1114112K
  class space    used 3594K, committed 4032K, reserved 1048576K
}
Event: 20.079 GC heap after
{Heap after GC invocations=19 (full 2):
 PSYoungGen      total 22528K, used 0K [0x00000000d5580000, 0x00000000d6e80000, 0x0000000100000000)
  eden space 22016K, 0% used [0x00000000d5580000,0x00000000d5580000,0x00000000d6b00000)
  from space 512K, 0% used [0x00000000d6b80000,0x00000000d6b80000,0x00000000d6c00000)
  to   space 1536K, 0% used [0x00000000d6d00000,0x00000000d6d00000,0x00000000d6e80000)
 ParOldGen       total 68608K, used 27962K [0x0000000080000000, 0x0000000084300000, 0x00000000d5580000)
  object space 68608K, 40% used [0x0000000080000000,0x0000000081b4eb48,0x0000000084300000)
 Metaspace       used 34860K, committed 35840K, reserved 1114112K
  class space    used 3594K, committed 4032K, reserved 1048576K
}

Dll operation events (10 events):
Event: 0.016 Loaded shared library c:\Users\HaimP\.vscode\extensions\redhat.java-1.52.0-win32-x64\jre\21.0.9-win32-x86_64\bin\java.dll
Event: 0.109 Loaded shared library c:\Users\HaimP\.vscode\extensions\redhat.java-1.52.0-win32-x64\jre\21.0.9-win32-x86_64\bin\zip.dll
Event: 0.136 Loaded shared library C:\Users\HaimP\.vscode\extensions\redhat.java-1.52.0-win32-x64\jre\21.0.9-win32-x86_64\bin\instrument.dll
Event: 0.141 Loaded shared library C:\Users\HaimP\.vscode\extensions\redhat.java-1.52.0-win32-x64\jre\21.0.9-win32-x86_64\bin\net.dll
Event: 0.142 Loaded shared library C:\Users\HaimP\.vscode\extensions\redhat.java-1.52.0-win32-x64\jre\21.0.9-win32-x86_64\bin\nio.dll
Event: 0.145 Loaded shared library C:\Users\HaimP\.vscode\extensions\redhat.java-1.52.0-win32-x64\jre\21.0.9-win32-x86_64\bin\zip.dll
Event: 0.167 Loaded shared library C:\Users\HaimP\.vscode\extensions\redhat.java-1.52.0-win32-x64\jre\21.0.9-win32-x86_64\bin\jimage.dll
Event: 0.238 Loaded shared library c:\Users\HaimP\.vscode\extensions\redhat.java-1.52.0-win32-x64\jre\21.0.9-win32-x86_64\bin\verify.dll
Event: 1.753 Loaded shared library C:\Users\HaimP\AppData\Roaming\Code\User\globalStorage\redhat.java\1.52.0\config_ss_win\org.eclipse.equinox.launcher\org.eclipse.equinox.launcher.win32.win32.x86_64_1.2.1500.v20260121-1430\eclipse_11919.dll
Event: 4.630 Loaded shared library C:\Users\HaimP\AppData\Local\Temp\jna-69487603\jna13438342407837103537.dll

Deoptimization events (20 events):
Event: 19.955 Thread 0x0000020c9a2d1400 DEOPT PACKING pc=0x0000020c3efacc0d sp=0x00000091df9f8f10
Event: 19.955 Thread 0x0000020c9a2d1400 DEOPT UNPACKING pc=0x0000020c46014242 sp=0x00000091df9f83c0 mode 0
Event: 19.981 Thread 0x0000020c9a2d1400 DEOPT PACKING pc=0x0000020c3efacc0d sp=0x00000091df9fc4c0
Event: 19.981 Thread 0x0000020c9a2d1400 DEOPT UNPACKING pc=0x0000020c46014242 sp=0x00000091df9fb970 mode 0
Event: 20.664 Thread 0x0000020c9a2d1400 DEOPT PACKING pc=0x0000020c3ee5b8b9 sp=0x00000091df9fbf10
Event: 20.664 Thread 0x0000020c9a2d1400 DEOPT UNPACKING pc=0x0000020c46014242 sp=0x00000091df9fb410 mode 0
Event: 20.766 Thread 0x0000020c9a2d1400 DEOPT PACKING pc=0x0000020c3ecc7bfb sp=0x00000091df9fc6f0
Event: 20.766 Thread 0x0000020c9a2d1400 DEOPT UNPACKING pc=0x0000020c46014242 sp=0x00000091df9fbc28 mode 0
Event: 20.806 Thread 0x0000020c9a2d1400 Uncommon trap: trap_request=0xffffffbe fr.pc=0x0000020c46605814 relative=0x0000000000000b94
Event: 20.806 Thread 0x0000020c9a2d1400 Uncommon trap: reason=profile_predicate action=maybe_recompile pc=0x0000020c46605814 method=java.util.TreeMap.put(Ljava/lang/Object;Ljava/lang/Object;Z)Ljava/lang/Object; @ 27 c2
Event: 20.806 Thread 0x0000020c9a2d1400 DEOPT PACKING pc=0x0000020c46605814 sp=0x00000091df9fc4f0
Event: 20.806 Thread 0x0000020c9a2d1400 DEOPT UNPACKING pc=0x0000020c46013aa2 sp=0x00000091df9fc490 mode 2
Event: 21.059 Thread 0x0000020c9a2d1400 Uncommon trap: trap_request=0xffffffde fr.pc=0x0000020c466ace7c relative=0x000000000000073c
Event: 21.059 Thread 0x0000020c9a2d1400 Uncommon trap: reason=class_check action=maybe_recompile pc=0x0000020c466ace7c method=java.util.HashMap.putVal(ILjava/lang/Object;Ljava/lang/Object;ZZ)Ljava/lang/Object; @ 203 c2
Event: 21.059 Thread 0x0000020c9a2d1400 DEOPT PACKING pc=0x0000020c466ace7c sp=0x00000091df9fe2b0
Event: 21.059 Thread 0x0000020c9a2d1400 DEOPT UNPACKING pc=0x0000020c46013aa2 sp=0x00000091df9fe1a0 mode 2
Event: 21.140 Thread 0x0000020c9a2d1400 Uncommon trap: trap_request=0xffffff45 fr.pc=0x0000020c4679a398 relative=0x0000000000000158
Event: 21.140 Thread 0x0000020c9a2d1400 Uncommon trap: reason=unstable_if action=reinterpret pc=0x0000020c4679a398 method=java.util.ArrayList.equals(Ljava/lang/Object;)Z @ 27 c2
Event: 21.140 Thread 0x0000020c9a2d1400 DEOPT PACKING pc=0x0000020c4679a398 sp=0x00000091df9fe9a0
Event: 21.141 Thread 0x0000020c9a2d1400 DEOPT UNPACKING pc=0x0000020c46013aa2 sp=0x00000091df9fe938 mode 2

Classes loaded (20 events):
Event: 19.548 Loading class java/util/concurrent/ForkJoinTask$AdaptedCallable
Event: 19.549 Loading class java/util/concurrent/ForkJoinTask$AdaptedCallable done
Event: 19.555 Loading class java/util/stream/Nodes$CollectorTask$OfRef
Event: 19.556 Loading class java/util/stream/Nodes$CollectorTask
Event: 19.558 Loading class java/util/stream/Nodes$CollectorTask done
Event: 19.558 Loading class java/util/stream/Nodes$CollectorTask$OfRef done
Event: 19.558 Loading class java/util/function/LongFunction
Event: 19.559 Loading class java/util/function/LongFunction done
Event: 19.560 Loading class java/util/stream/Nodes$ConcNode
Event: 19.560 Loading class java/util/stream/Nodes$AbstractConcNode
Event: 19.561 Loading class java/util/stream/Nodes$AbstractConcNode done
Event: 19.561 Loading class java/util/stream/Nodes$ConcNode done
Event: 19.576 Loading class sun/misc/Unsafe
Event: 19.577 Loading class sun/misc/Unsafe done
Event: 19.925 Loading class java/util/Vector$1
Event: 19.925 Loading class java/util/Vector$1 done
Event: 20.665 Loading class java/util/regex/Pattern$Caret
Event: 20.666 Loading class java/util/regex/Pattern$Caret done
Event: 20.917 Loading class java/util/Hashtable$ValueCollection
Event: 20.918 Loading class java/util/Hashtable$ValueCollection done

Classes unloaded (7 events):
Event: 3.880 Thread 0x0000020c3b9341c0 Unloading class 0x0000020c54190c00 'java/lang/invoke/LambdaForm$MH+0x0000020c54190c00'
Event: 3.880 Thread 0x0000020c3b9341c0 Unloading class 0x0000020c54190800 'java/lang/invoke/LambdaForm$MH+0x0000020c54190800'
Event: 3.880 Thread 0x0000020c3b9341c0 Unloading class 0x0000020c54190400 'java/lang/invoke/LambdaForm$MH+0x0000020c54190400'
Event: 3.880 Thread 0x0000020c3b9341c0 Unloading class 0x0000020c54190000 'java/lang/invoke/LambdaForm$MH+0x0000020c54190000'
Event: 3.880 Thread 0x0000020c3b9341c0 Unloading class 0x0000020c5418fc00 'java/lang/invoke/LambdaForm$BMH+0x0000020c5418fc00'
Event: 3.880 Thread 0x0000020c3b9341c0 Unloading class 0x0000020c5418f800 'java/lang/invoke/LambdaForm$DMH+0x0000020c5418f800'
Event: 3.880 Thread 0x0000020c3b9341c0 Unloading class 0x0000020c5418e400 'java/lang/invoke/LambdaForm$DMH+0x0000020c5418e400'

Classes redefined (0 events):
No events

Internal exceptions (20 events):
Event: 18.100 Thread 0x0000020c9a2d1400 Exception <a 'java/lang/NoSuchMethodError'{0x00000000d69a2c18}: 'long java.lang.invoke.DirectMethodHandle$Holder.invokeStatic(java.lang.Object, java.lang.Object, int)'> (0x00000000d69a2c18) 
thrown [s\src\hotspot\share\interpreter\linkResolver.cpp, line 773]
Event: 18.102 Thread 0x0000020c9a2d1400 Exception <a 'java/lang/NoSuchMethodError'{0x00000000d69ad218}: 'java.lang.Object java.lang.invoke.DelegatingMethodHandle$Holder.reinvoke_L(java.lang.Object, int, long, java.lang.Object, java.lang.Object, int, java.lang.Object)'> (0x00000000d69ad218) 
thrown [s\src\hotspot\share\interpreter\linkResolver.cpp, line 773]
Event: 18.638 Thread 0x0000020c9a2d1400 Exception <a 'java/lang/NoSuchMethodError'{0x00000000d57f9590}: 'java.lang.Object java.lang.invoke.DirectMethodHandle$Holder.invokeStaticInit(java.lang.Object, java.lang.Object, java.lang.Object, java.lang.Object, java.lang.Object, java.lang.Object, java.lang.Object)'> (0x00000000d57f9590) 
thrown [s\src\hotspot\share\interpreter\linkResolver.cpp, line 773]
Event: 18.639 Thread 0x0000020c9a2d1400 Exception <a 'java/lang/NoSuchMethodError'{0x00000000d57fe6e8}: 'java.lang.Object java.lang.invoke.Invokers$Holder.invoke_MT(java.lang.Object, java.lang.Object, java.lang.Object, java.lang.Object, java.lang.Object, java.lang.Object, java.lang.Object, java.lang.Object, java.lang.Object, java.lang.Object)'> (0x00000000d57fe6e8) 
thrown [s\src\hotspot\share\interpreter\linkResolver.cpp, line 773]
Event: 18.659 Thread 0x0000020c9a2d1400 Exception <a 'java/lang/NoSuchMethodError'{0x00000000d583e690}: 'int java.lang.invoke.DirectMethodHandle$Holder.invokeVirtual(java.lang.Object, java.lang.Object, java.lang.Object)'> (0x00000000d583e690) 
thrown [s\src\hotspot\share\interpreter\linkResolver.cpp, line 773]
Event: 18.660 Thread 0x0000020c9a2d1400 Exception <a 'java/lang/NoSuchMethodError'{0x00000000d5842a38}: 'int java.lang.invoke.DirectMethodHandle$Holder.invokeStaticInit(java.lang.Object, int, int)'> (0x00000000d5842a38) 
thrown [s\src\hotspot\share\interpreter\linkResolver.cpp, line 773]
Event: 18.662 Thread 0x0000020c9a2d1400 Exception <a 'java/lang/NoSuchMethodError'{0x00000000d584a1e0}: 'int java.lang.invoke.DirectMethodHandle$Holder.invokeStaticInit(java.lang.Object, long, long)'> (0x00000000d584a1e0) 
thrown [s\src\hotspot\share\interpreter\linkResolver.cpp, line 773]
Event: 18.663 Thread 0x0000020c9a2d1400 Exception <a 'java/lang/NoSuchMethodError'{0x00000000d5850f58}: 'int java.lang.invoke.DirectMethodHandle$Holder.invokeStaticInit(java.lang.Object, float, float)'> (0x00000000d5850f58) 
thrown [s\src\hotspot\share\interpreter\linkResolver.cpp, line 773]
Event: 18.664 Thread 0x0000020c9a2d1400 Exception <a 'java/lang/NoSuchMethodError'{0x00000000d5857c98}: 'int java.lang.invoke.DirectMethodHandle$Holder.invokeStaticInit(java.lang.Object, double, double)'> (0x00000000d5857c98) 
thrown [s\src\hotspot\share\interpreter\linkResolver.cpp, line 773]
Event: 18.665 Thread 0x0000020c9a2d1400 Exception <a 'java/lang/NoSuchMethodError'{0x00000000d585c4b0}: 'int java.lang.invoke.DirectMethodHandle$Holder.invokeStatic(java.lang.Object, long)'> (0x00000000d585c4b0) 
thrown [s\src\hotspot\share\interpreter\linkResolver.cpp, line 773]
Event: 18.672 Thread 0x0000020c9a2d1400 Exception <a 'java/lang/NoSuchMethodError'{0x00000000d587b348}: 'int java.lang.invoke.Invokers$Holder.linkToTargetMethod(java.lang.Object, java.lang.Object)'> (0x00000000d587b348) 
thrown [s\src\hotspot\share\interpreter\linkResolver.cpp, line 773]
Event: 19.514 Thread 0x0000020c99eb7cd0 Exception <a 'sun/nio/fs/WindowsException'{0x00000000d6575b60}> (0x00000000d6575b60) 
thrown [s\src\hotspot\share\prims\jni.cpp, line 520]
Event: 19.516 Thread 0x0000020c99eb7cd0 Exception <a 'sun/nio/fs/WindowsException'{0x00000000d6577f70}> (0x00000000d6577f70) 
thrown [s\src\hotspot\share\prims\jni.cpp, line 520]
Event: 19.518 Thread 0x0000020c99eb7cd0 Exception <a 'java/io/FileNotFoundException'{0x00000000d6586cc8}> (0x00000000d6586cc8) 
thrown [s\src\hotspot\share\prims\jni.cpp, line 520]
Event: 19.522 Thread 0x0000020c99eb7cd0 Exception <a 'java/io/FileNotFoundException'{0x00000000d6715668}> (0x00000000d6715668) 
thrown [s\src\hotspot\share\prims\jni.cpp, line 520]
Event: 19.523 Thread 0x0000020c99eb7cd0 Exception <a 'java/io/FileNotFoundException'{0x00000000d67168d8}> (0x00000000d67168d8) 
thrown [s\src\hotspot\share\prims\jni.cpp, line 520]
Event: 19.523 Thread 0x0000020c99eb7cd0 Exception <a 'java/io/FileNotFoundException'{0x00000000d6717678}> (0x00000000d6717678) 
thrown [s\src\hotspot\share\prims\jni.cpp, line 520]
Event: 19.571 Thread 0x0000020c99e14280 Exception <a 'java/lang/NoSuchMethodError'{0x00000000d68ef1e0}: 'java.lang.Object java.lang.invoke.DirectMethodHandle$Holder.newInvokeSpecial(java.lang.Object, java.lang.Object, java.lang.Object, java.lang.Object, java.lang.Object, java.lang.Object, java.lang.Object, java.lang.Object)'> (0x00000000d68ef1e0) 
thrown [s\src\hotspot\share\interpreter\linkResolver.cpp, line 773]
Event: 19.585 Thread 0x0000020c9a2d1400 Exception <a 'java/lang/NoSuchMethodError'{0x00000000d6926d98}: 'java.lang.Object java.lang.invoke.DirectMethodHandle$Holder.invokeVirtual(java.lang.Object, java.lang.Object, int)'> (0x00000000d6926d98) 
thrown [s\src\hotspot\share\interpreter\linkResolver.cpp, line 773]
Event: 21.204 Thread 0x0000020c99e14280 Exception <a 'java/lang/NoSuchMethodError'{0x00000000d6a610f0}: 'int java.lang.invoke.DirectMethodHandle$Holder.invokeStatic(java.lang.Object)'> (0x00000000d6a610f0) 
thrown [s\src\hotspot\share\interpreter\linkResolver.cpp, line 773]

ZGC Phase Switch (0 events):
No events

VM Operations (20 events):
Event: 19.129 Executing VM operation: ParallelGCFailedAllocation (Allocation Failure) done
Event: 19.178 Executing VM operation: ParallelGCFailedAllocation (Allocation Failure)
Event: 19.182 Executing VM operation: ParallelGCFailedAllocation (Allocation Failure) done
Event: 19.250 Executing VM operation: ParallelGCFailedAllocation (Allocation Failure)
Event: 19.254 Executing VM operation: ParallelGCFailedAllocation (Allocation Failure) done
Event: 19.329 Executing VM operation: ParallelGCFailedAllocation (Allocation Failure)
Event: 19.332 Executing VM operation: ParallelGCFailedAllocation (Allocation Failure) done
Event: 19.503 Executing VM operation: HandshakeAllThreads (Deoptimize)
Event: 19.503 Executing VM operation: HandshakeAllThreads (Deoptimize) done
Event: 19.608 Executing VM operation: HandshakeAllThreads (Deoptimize)
Event: 19.609 Executing VM operation: HandshakeAllThreads (Deoptimize) done
Event: 19.660 Executing VM operation: ParallelGCFailedAllocation (Allocation Failure)
Event: 19.664 Executing VM operation: ParallelGCFailedAllocation (Allocation Failure) done
Event: 20.015 Executing VM operation: CollectForMetadataAllocation (Metadata GC Threshold)
Event: 20.079 Executing VM operation: CollectForMetadataAllocation (Metadata GC Threshold) done
Event: 21.092 Executing VM operation: Cleanup
Event: 21.093 Executing VM operation: Cleanup done
Event: 21.206 Executing VM operation: HandshakeAllThreads (Deoptimize)
Event: 21.206 Executing VM operation: HandshakeAllThreads (Deoptimize) done
Event: 22.206 Executing VM operation: Cleanup

Memory protections (0 events):
No events

Nmethod flushes (20 events):
Event: 20.043 Thread 0x0000020c3b9341c0 flushing  nmethod 0x0000020c3eede290
Event: 20.043 Thread 0x0000020c3b9341c0 flushing  nmethod 0x0000020c3eee8390
Event: 20.043 Thread 0x0000020c3b9341c0 flushing  nmethod 0x0000020c3eee8d90
Event: 20.043 Thread 0x0000020c3b9341c0 flushing  nmethod 0x0000020c3eeed690
Event: 20.043 Thread 0x0000020c3b9341c0 flushing  nmethod 0x0000020c3eef0490
Event: 20.043 Thread 0x0000020c3b9341c0 flushing  nmethod 0x0000020c3ef26610
Event: 20.043 Thread 0x0000020c3b9341c0 flushing  nmethod 0x0000020c3ef26a10
Event: 20.043 Thread 0x0000020c3b9341c0 flushing  nmethod 0x0000020c3ef27390
Event: 20.043 Thread 0x0000020c3b9341c0 flushing  nmethod 0x0000020c3ef28b90
Event: 20.043 Thread 0x0000020c3b9341c0 flushing  nmethod 0x0000020c3ef2f390
Event: 20.043 Thread 0x0000020c3b9341c0 flushing  nmethod 0x0000020c3ef30690
Event: 20.043 Thread 0x0000020c3b9341c0 flushing  nmethod 0x0000020c3ef32d10
Event: 20.043 Thread 0x0000020c3b9341c0 flushing  nmethod 0x0000020c3ef36490
Event: 20.043 Thread 0x0000020c3b9341c0 flushing  nmethod 0x0000020c3ef36990
Event: 20.043 Thread 0x0000020c3b9341c0 flushing  nmethod 0x0000020c3ef37410
Event: 20.043 Thread 0x0000020c3b9341c0 flushing  nmethod 0x0000020c3ef3a910
Event: 20.043 Thread 0x0000020c3b9341c0 flushing  nmethod 0x0000020c3ef3c410
Event: 20.043 Thread 0x0000020c3b9341c0 flushing  nmethod 0x0000020c3ef44d10
Event: 20.043 Thread 0x0000020c3b9341c0 flushing  nmethod 0x0000020c3ef5d710
Event: 20.043 Thread 0x0000020c3b9341c0 flushing osr nmethod 0x0000020c3ef9f510

Events (20 events):
Event: 2.938 Thread 0x0000020c999041c0 Thread added: 0x0000020c99eb7cd0
Event: 3.905 Thread 0x0000020c999041c0 Thread added: 0x0000020c9a265490
Event: 4.020 Thread 0x0000020c9a265490 Thread exited: 0x0000020c9a265490
Event: 4.660 Thread 0x0000020c999041c0 Thread added: 0x0000020c9a265490
Event: 4.823 Thread 0x0000020c3b89e4f0 Thread added: 0x0000020c9a2626a0
Event: 4.827 Thread 0x0000020c3b89e4f0 Thread added: 0x0000020c9a2640e0
Event: 4.827 Thread 0x0000020c3b89e4f0 Thread added: 0x0000020c9a262010
Event: 4.827 Thread 0x0000020c3b89e4f0 Thread added: 0x0000020c9a262d30
Event: 4.827 Thread 0x0000020c3b89e4f0 Thread added: 0x0000020c9a2633c0
Event: 4.828 Thread 0x0000020c3b89e4f0 Thread added: 0x0000020c9a263a50
Event: 4.828 Thread 0x0000020c3b89e4f0 Thread added: 0x0000020c9a264770
Event: 4.828 Thread 0x0000020c3b89e4f0 Thread added: 0x0000020c9a264e00
Event: 4.828 Thread 0x0000020c3b89e4f0 Thread added: 0x0000020c9a2d0050
Event: 4.890 Thread 0x0000020c3b89e4f0 Thread added: 0x0000020c9a2d06e0
Event: 5.068 Thread 0x0000020c3b89e4f0 Thread added: 0x0000020c9a2d1a90
Event: 5.068 Thread 0x0000020c3b89e4f0 Thread added: 0x0000020c9a2d1400
Event: 5.469 Thread 0x0000020c99e7f7f0 Thread exited: 0x0000020c99e7f7f0
Event: 19.517 Thread 0x0000020c99e14280 Thread added: 0x0000020c9a2cf330
Event: 19.550 Thread 0x0000020c99e14280 Thread added: 0x0000020c9a2d0d70
Event: 19.562 Thread 0x0000020c9a2d0d70 Thread exited: 0x0000020c9a2d0d70


Dynamic libraries:
0x00007ff645c60000 - 0x00007ff645c6e000 	c:\Users\HaimP\.vscode\extensions\redhat.java-1.52.0-win32-x64\jre\21.0.9-win32-x86_64\bin\java.exe
0x00007ff832de0000 - 0x00007ff833048000 	C:\WINDOWS\SYSTEM32\ntdll.dll
0x00007ff831bd0000 - 0x00007ff831c99000 	C:\WINDOWS\System32\KERNEL32.DLL
0x00007ff830130000 - 0x00007ff830521000 	C:\WINDOWS\System32\KERNELBASE.dll
0x00007ff82cbb0000 - 0x00007ff82cc4e000 	C:\WINDOWS\SYSTEM32\apphelp.dll
0x00007ff8305e0000 - 0x00007ff83072b000 	C:\WINDOWS\System32\ucrtbase.dll
0x00007ff811f90000 - 0x00007ff811fae000 	c:\Users\HaimP\.vscode\extensions\redhat.java-1.52.0-win32-x64\jre\21.0.9-win32-x86_64\bin\VCRUNTIME140.dll
0x00007ff816f90000 - 0x00007ff816fa8000 	c:\Users\HaimP\.vscode\extensions\redhat.java-1.52.0-win32-x64\jre\21.0.9-win32-x86_64\bin\jli.dll
0x00007ff80ed90000 - 0x00007ff80f023000 	C:\WINDOWS\WinSxS\amd64_microsoft.windows.common-controls_6595b64144ccf1df_6.0.26100.7824_none_3e0870b2e3345462\COMCTL32.dll
0x00007ff831da0000 - 0x00007ff831f66000 	C:\WINDOWS\System32\USER32.dll
0x00007ff831b20000 - 0x00007ff831bc9000 	C:\WINDOWS\System32\msvcrt.dll
0x00007ff8309e0000 - 0x00007ff830a07000 	C:\WINDOWS\System32\win32u.dll
0x00007ff8324a0000 - 0x00007ff8324cb000 	C:\WINDOWS\System32\GDI32.dll
0x00007ff8308b0000 - 0x00007ff8309db000 	C:\WINDOWS\System32\gdi32full.dll
0x00007ff830530000 - 0x00007ff8305d3000 	C:\WINDOWS\System32\msvcp_win.dll
0x00007ff832240000 - 0x00007ff832271000 	C:\WINDOWS\System32\IMM32.DLL
0x00007ff81b290000 - 0x00007ff81b29c000 	c:\Users\HaimP\.vscode\extensions\redhat.java-1.52.0-win32-x64\jre\21.0.9-win32-x86_64\bin\vcruntime140_1.dll
0x00007fffe6c40000 - 0x00007fffe6ccd000 	c:\Users\HaimP\.vscode\extensions\redhat.java-1.52.0-win32-x64\jre\21.0.9-win32-x86_64\bin\msvcp140.dll
0x00007fff552f0000 - 0x00007fff56090000 	c:\Users\HaimP\.vscode\extensions\redhat.java-1.52.0-win32-x64\jre\21.0.9-win32-x86_64\bin\server\jvm.dll
0x00007ff8322e0000 - 0x00007ff832394000 	C:\WINDOWS\System32\ADVAPI32.dll
0x00007ff831950000 - 0x00007ff8319f6000 	C:\WINDOWS\System32\sechost.dll
0x00007ff831a00000 - 0x00007ff831b18000 	C:\WINDOWS\System32\RPCRT4.dll
0x00007ff8310b0000 - 0x00007ff831124000 	C:\WINDOWS\System32\WS2_32.dll
0x00007ff82f520000 - 0x00007ff82f57e000 	C:\WINDOWS\SYSTEM32\POWRPROF.dll
0x00007ff81eb90000 - 0x00007ff81ebc5000 	C:\WINDOWS\SYSTEM32\WINMM.dll
0x00007ff8217d0000 - 0x00007ff8217db000 	C:\WINDOWS\SYSTEM32\VERSION.dll
0x00007ff82f500000 - 0x00007ff82f514000 	C:\WINDOWS\SYSTEM32\UMPDC.dll
0x00007ff82e430000 - 0x00007ff82e44b000 	C:\WINDOWS\SYSTEM32\kernel.appcore.dll
0x00007ff81a2b0000 - 0x00007ff81a2ba000 	c:\Users\HaimP\.vscode\extensions\redhat.java-1.52.0-win32-x64\jre\21.0.9-win32-x86_64\bin\jimage.dll
0x00007ff82ced0000 - 0x00007ff82d112000 	C:\WINDOWS\SYSTEM32\DBGHELP.DLL
0x00007ff8315c0000 - 0x00007ff831946000 	C:\WINDOWS\System32\combase.dll
0x00007ff830fd0000 - 0x00007ff8310a7000 	C:\WINDOWS\System32\OLEAUT32.dll
0x00007ff80ed50000 - 0x00007ff80ed8b000 	C:\WINDOWS\SYSTEM32\dbgcore.DLL
0x00007ff82fff0000 - 0x00007ff830095000 	C:\WINDOWS\System32\bcryptPrimitives.dll
0x00007ff817a90000 - 0x00007ff817a9f000 	c:\Users\HaimP\.vscode\extensions\redhat.java-1.52.0-win32-x64\jre\21.0.9-win32-x86_64\bin\instrument.dll
0x00007ff8108d0000 - 0x00007ff8108f0000 	c:\Users\HaimP\.vscode\extensions\redhat.java-1.52.0-win32-x64\jre\21.0.9-win32-x86_64\bin\java.dll
0x00007ff8325f0000 - 0x00007ff832d42000 	C:\WINDOWS\System32\SHELL32.dll
0x00007ff830a10000 - 0x00007ff830b7a000 	C:\WINDOWS\System32\wintypes.dll
0x00007ff82f6c0000 - 0x00007ff82ff23000 	C:\WINDOWS\System32\windows.storage.dll
0x00007ff831ca0000 - 0x00007ff831d96000 	C:\WINDOWS\System32\SHCORE.dll
0x00007ff832420000 - 0x00007ff832487000 	C:\WINDOWS\System32\shlwapi.dll
0x00007ff82f5e0000 - 0x00007ff82f609000 	C:\WINDOWS\SYSTEM32\profapi.dll
0x00007ff811f10000 - 0x00007ff811f28000 	c:\Users\HaimP\.vscode\extensions\redhat.java-1.52.0-win32-x64\jre\21.0.9-win32-x86_64\bin\zip.dll
0x00007ff817230000 - 0x00007ff817240000 	C:\Users\HaimP\.vscode\extensions\redhat.java-1.52.0-win32-x64\jre\21.0.9-win32-x86_64\bin\net.dll
0x00007ff827ed0000 - 0x00007ff827ff7000 	C:\WINDOWS\SYSTEM32\WINHTTP.dll
0x00007ff82e9b0000 - 0x00007ff82ea1b000 	C:\WINDOWS\system32\mswsock.dll
0x00007ff807d20000 - 0x00007ff807d36000 	C:\Users\HaimP\.vscode\extensions\redhat.java-1.52.0-win32-x64\jre\21.0.9-win32-x86_64\bin\nio.dll
0x00007ff816c00000 - 0x00007ff816c10000 	c:\Users\HaimP\.vscode\extensions\redhat.java-1.52.0-win32-x64\jre\21.0.9-win32-x86_64\bin\verify.dll
0x00007fffe3870000 - 0x00007fffe38b5000 	C:\Users\HaimP\AppData\Roaming\Code\User\globalStorage\redhat.java\1.52.0\config_ss_win\org.eclipse.equinox.launcher\org.eclipse.equinox.launcher.win32.win32.x86_64_1.2.1500.v20260121-1430\eclipse_11919.dll
0x00007ff830d80000 - 0x00007ff830f17000 	C:\WINDOWS\System32\ole32.dll
0x00007ff82eca0000 - 0x00007ff82ecbb000 	C:\WINDOWS\SYSTEM32\CRYPTSP.dll
0x00007ff82e380000 - 0x00007ff82e3b9000 	C:\WINDOWS\system32\rsaenh.dll
0x00007ff82ea60000 - 0x00007ff82ea8b000 	C:\WINDOWS\SYSTEM32\USERENV.dll
0x00007ff82f5b0000 - 0x00007ff82f5da000 	C:\WINDOWS\SYSTEM32\bcrypt.dll
0x00007ff82ecc0000 - 0x00007ff82eccc000 	C:\WINDOWS\SYSTEM32\CRYPTBASE.dll
0x00007ff82de20000 - 0x00007ff82de54000 	C:\WINDOWS\SYSTEM32\IPHLPAPI.DLL
0x00007ff831f70000 - 0x00007ff831f7a000 	C:\WINDOWS\System32\NSI.dll
0x00007fffda4c0000 - 0x00007fffda509000 	C:\Users\HaimP\AppData\Local\Temp\jna-69487603\jna13438342407837103537.dll
0x00007ff8324e0000 - 0x00007ff8324e8000 	C:\WINDOWS\System32\PSAPI.DLL
0x00007ff827c30000 - 0x00007ff827c4e000 	C:\WINDOWS\SYSTEM32\dhcpcsvc6.DLL
0x00007ff827810000 - 0x00007ff827833000 	C:\WINDOWS\SYSTEM32\dhcpcsvc.DLL

JVMTI agents:
c:\Users\HaimP\.vscode\extensions\redhat.java-1.52.0-win32-x64\lombok\lombok-1.18.39-4050.jar path:c:\Users\HaimP\.vscode\extensions\redhat.java-1.52.0-win32-x64\jre\21.0.9-win32-x86_64\bin\instrument.dll, loaded, initialized, instrumentlib options:none

dbghelp: loaded successfully - version: 4.0.5 - missing functions: none
symbol engine: initialized successfully - sym options: 0x614 - pdb path: .;c:\Users\HaimP\.vscode\extensions\redhat.java-1.52.0-win32-x64\jre\21.0.9-win32-x86_64\bin;C:\WINDOWS\SYSTEM32;C:\WINDOWS\WinSxS\amd64_microsoft.windows.common-controls_6595b64144ccf1df_6.0.26100.7824_none_3e0870b2e3345462;c:\Users\HaimP\.vscode\extensions\redhat.java-1.52.0-win32-x64\jre\21.0.9-win32-x86_64\bin\server;C:\Users\HaimP\AppData\Roaming\Code\User\globalStorage\redhat.java\1.52.0\config_ss_win\org.eclipse.equinox.launcher\org.eclipse.equinox.launcher.win32.win32.x86_64_1.2.1500.v20260121-1430;C:\Users\HaimP\AppData\Local\Temp\jna-69487603

VM Arguments:
jvm_args: --add-modules=ALL-SYSTEM --add-opens=java.base/java.util=ALL-UNNAMED --add-opens=java.base/java.lang=ALL-UNNAMED --add-opens=java.base/sun.nio.fs=ALL-UNNAMED -Declipse.application=org.eclipse.jdt.ls.core.id1 -Dosgi.bundles.defaultStartLevel=4 -Declipse.product=org.eclipse.jdt.ls.core.product -Djava.import.generatesMetadataFilesAtProjectRoot=false -DDetectVMInstallationsJob.disabled=true -Dfile.encoding=utf8 -XX:+UseParallelGC -XX:GCTimeRatio=4 -XX:AdaptiveSizePolicyWeight=90 -Dsun.zip.disableMemoryMapping=true -Xmx2G -Xms100m -Xlog:disable -javaagent:c:\Users\HaimP\.vscode\extensions\redhat.java-1.52.0-win32-x64\lombok\lombok-1.18.39-4050.jar 
java_command: c:\Users\HaimP\.vscode\extensions\redhat.java-1.52.0-win32-x64\server\plugins\org.eclipse.equinox.launcher_1.7.100.v20251111-0406.jar -configuration c:\Users\HaimP\AppData\Roaming\Code\User\globalStorage\redhat.java\1.52.0\config_ss_win -data c:\Users\HaimP\AppData\Roaming\Code\User\workspaceStorage\995d124ea6cb87d576d317e599458698\redhat.java\ss_ws --pipe=\\.\pipe\lsp-82d30b685c78a72328f73a3f6fca50ac-sock
java_class_path (initial): c:\Users\HaimP\.vscode\extensions\redhat.java-1.52.0-win32-x64\server\plugins\org.eclipse.equinox.launcher_1.7.100.v20251111-0406.jar
Launcher Type: SUN_STANDARD

[Global flags]
    uintx AdaptiveSizePolicyWeight                 = 90                                        {product} {command line}
     intx CICompilerCount                          = 4                                         {product} {ergonomic}
    uintx GCTimeRatio                              = 4                                         {product} {command line}
   size_t InitialHeapSize                          = 104857600                                 {product} {command line}
   size_t MaxHeapSize                              = 2147483648                                {product} {command line}
   size_t MaxNewSize                               = 715653120                                 {product} {ergonomic}
   size_t MinHeapDeltaBytes                        = 524288                                    {product} {ergonomic}
   size_t MinHeapSize                              = 104857600                                 {product} {command line}
   size_t NewSize                                  = 34603008                                  {product} {ergonomic}
    uintx NonNMethodCodeHeapSize                   = 5839372                                {pd product} {ergonomic}
    uintx NonProfiledCodeHeapSize                  = 122909434                              {pd product} {ergonomic}
   size_t OldSize                                  = 70254592                                  {product} {ergonomic}
    uintx ProfiledCodeHeapSize                     = 122909434                              {pd product} {ergonomic}
    uintx ReservedCodeCacheSize                    = 251658240                              {pd product} {ergonomic}
     bool SegmentedCodeCache                       = true                                      {product} {ergonomic}
   size_t SoftMaxHeapSize                          = 2147483648                             {manageable} {ergonomic}
     bool UseCompressedOops                        = true                           {product lp64_product} {ergonomic}
     bool UseLargePagesIndividualAllocation        = false                                  {pd product} {ergonomic}
     bool UseParallelGC                            = true                                      {product} {command line}

Logging:
Log output configuration:
 #0: stdout all=off uptime,level,tags foldmultilines=false
 #1: stderr all=off uptime,level,tags foldmultilines=false

Release file:
JAVA_VERSION="21.0.9" 
MODULES="java.base java.compiler java.datatransfer java.xml java.prefs java.desktop java.instrument java.logging java.management java.security.sasl java.naming java.rmi java.management.rmi java.net.http java.scripting java.security.jgss java.transaction.xa java.sql java.sql.rowset java.xml.crypto java.se java.smartcardio jdk.accessibility jdk.internal.jvmstat jdk.attach jdk.charsets jdk.internal.opt jdk.zipfs jdk.compiler jdk.crypto.ec jdk.crypto.cryptoki jdk.crypto.mscapi jdk.dynalink jdk.internal.ed jdk.editpad jdk.hotspot.agent jdk.httpserver jdk.internal.le jdk.internal.vm.ci jdk.internal.vm.compiler jdk.internal.vm.compiler.management jdk.jartool jdk.javadoc jdk.jcmd jdk.management jdk.management.agent jdk.jconsole jdk.jdeps jdk.jdwp.agent jdk.jdi jdk.jfr jdk.jshell jdk.jsobject jdk.jstatd jdk.localedata jdk.management.jfr jdk.naming.dns jdk.naming.rmi jdk.net jdk.nio.mapmode jdk.random jdk.sctp jdk.security.auth jdk.security.jgss jdk.unsupported jdk.unsupported.desktop jdk.xml.dom" 

Environment Variables:
JAVA_HOME=C:\Program Files\Java\jdk-23
PATH=C:\app\HaimP\product\21c\dbhomeXE\bin;C:\Program Files\Common Files\Oracle\Java\javapath;C:\Python312\Scripts\;C:\Python312\;C:\WINDOWS\system32;C:\WINDOWS;C:\WINDOWS\System32\Wbem;C:\WINDOWS\System32\WindowsPowerShell\v1.0\;C:\WINDOWS\System32\OpenSSH\;C:\ProgramData\chocolatey\bin;C:\Program Files\dotnet\;C:\Program Files\Git\cmd;C:\Program Files\NVIDIA Corporation\NVIDIA App\NvDLISR;C:\Program Files (x86)\NVIDIA Corporation\PhysX\Common;C:\Program Files\Docker\Docker\resources\bin;C:\Program Files\nodejs\;C:\Users\HaimP\AppData\Local\Microsoft\WindowsApps;C:\Users\HaimP\AppData\Local\Programs\Microsoft VS Code\bin;C:\flutter\bin;C:\Program Files\Java\jdk-23\bin;C:\Program Files\apache-maven-3.9.9\bin;C:\Users\HaimP\AppData\Local\Android\Sdk\platform-tools;C:\Users\HaimP\AppData\Roaming\npm
USERNAME=HaimP
OS=Windows_NT
PROCESSOR_IDENTIFIER=Intel64 Family 6 Model 158 Stepping 13, GenuineIntel
TMP=C:\Users\HaimP\AppData\Local\Temp
TEMP=C:\Users\HaimP\AppData\Local\Temp




Periodic native trim disabled

---------------  S Y S T E M  ---------------

OS:
 Windows 11 , 64 bit Build 26100 (10.0.26100.7705)
OS uptime: 1 days 5:45 hours
Hyper-V role detected

CPU: total 8 (initial active 8) (4 cores per cpu, 2 threads per core) family 6 model 158 stepping 13 microcode 0xde, cx8, cmov, fxsr, ht, mmx, 3dnowpref, sse, sse2, sse3, ssse3, sse4.1, sse4.2, popcnt, lzcnt, tsc, tscinvbit, avx, avx2, aes, erms, clmul, bmi1, bmi2, adx, fma, vzeroupper, clflush, clflushopt, hv, rdtscp, f16c
Processor Information for the first 8 processors :
  Max Mhz: 2400, Current Mhz: 2400, Mhz Limit: 2400

Memory: 4k page, system-wide physical 8043M (509M free)
TotalPageFile size 32619M (AvailPageFile size 0M)
current process WorkingSet (physical memory assigned to process): 159M, peak: 171M
current process commit charge ("private bytes"): 298M, peak: 303M

vm_info: OpenJDK 64-Bit Server VM (21.0.9+10-LTS) for windows-amd64 JRE (21.0.9+10-LTS), built on 2025-10-21T00:00:00Z by "admin" with unknown MS VC++:1942

END.
